<?xml version="1.0" encoding="UTF-8"?>
<testsuite name="Connection Scheme Service Implementation Tests" tests="14" skipped="0" failures="0" errors="0" timestamp="2025-09-20T07:27:29.050Z" hostname="Yurik" time="1.98">
  <properties/>
  <testcase name="Create scheme - Positive" classname="com.service.connectionscheme.ConnectionSchemeServiceImplLondonTest" time="1.766"/>
  <testcase name="Create scheme - Negative: Token validation fails" classname="com.service.connectionscheme.ConnectionSchemeServiceImplLondonTest" time="0.035"/>
  <testcase name="Update scheme - Positive" classname="com.service.connectionscheme.ConnectionSchemeServiceImplLondonTest" time="0.003"/>
  <testcase name="Delete scheme - Positive" classname="com.service.connectionscheme.ConnectionSchemeServiceImplLondonTest" time="0.003"/>
  <testcase name="Create scheme - Negative: Scheme already exists" classname="com.service.connectionscheme.ConnectionSchemeServiceImplLondonTest" time="0.003"/>
  <testcase name="Health check - Positive" classname="com.service.connectionscheme.ConnectionSchemeServiceImplLondonTest" time="0.019"/>
  <testcase name="Update scheme - Negative: UID change attempt" classname="com.service.connectionscheme.ConnectionSchemeServiceImplLondonTest" time="0.003"/>
  <testcase name="Create scheme - Negative: Client UID mismatch" classname="com.service.connectionscheme.ConnectionSchemeServiceImplLondonTest" time="0.003"/>
  <testcase name="Scheme exists - Negative: Scheme not found" classname="com.service.connectionscheme.ConnectionSchemeServiceImplLondonTest" time="0.002"/>
  <testcase name="Health check - Negative: Auth service down" classname="com.service.connectionscheme.ConnectionSchemeServiceImplLondonTest" time="0.002"/>
  <testcase name="Get scheme - Positive" classname="com.service.connectionscheme.ConnectionSchemeServiceImplLondonTest" time="0.002"/>
  <testcase name="Scheme exists - Positive" classname="com.service.connectionscheme.ConnectionSchemeServiceImplLondonTest" time="0.002"/>
  <testcase name="Get schemes by client - Positive" classname="com.service.connectionscheme.ConnectionSchemeServiceImplLondonTest" time="0.015"/>
  <testcase name="Get scheme - Negative: Scheme doesn't belong to client" classname="com.service.connectionscheme.ConnectionSchemeServiceImplLondonTest" time="0.003"/>
  <system-out><![CDATA[10:27:30.437 [ForkJoinPool-1-worker-1] INFO com.service.connectionscheme.ConnectionSchemeServiceImpl -- Connection scheme created: 323e4567-e89b-12d3-a456-426614174003 for client: 123e4567-e89b-12d3-a456-426614174000
10:27:30.953 [ForkJoinPool-1-worker-1] INFO com.service.connectionscheme.ConnectionSchemeServiceImpl -- Connection scheme updated: 323e4567-e89b-12d3-a456-426614174003 for client: 123e4567-e89b-12d3-a456-426614174000
10:27:30.958 [ForkJoinPool-1-worker-1] INFO com.service.connectionscheme.ConnectionSchemeServiceImpl -- Connection scheme deleted: 323e4567-e89b-12d3-a456-426614174003 for client: 123e4567-e89b-12d3-a456-426614174000
]]></system-out>
  <system-err><![CDATA[Mockito is currently self-attaching to enable the inline-mock-maker. This will no longer work in future releases of the JDK. Please add Mockito as an agent to your build as described in Mockito's documentation: https://javadoc.io/doc/org.mockito/mockito-core/latest/org.mockito/org/mockito/Mockito.html#0.3
WARNING: A Java agent has been loaded dynamically (/home/yurik/.gradle/caches/modules-2/files-2.1/net.bytebuddy/byte-buddy-agent/1.17.7/fbf3d6d649ed37fc9e9c59480a05be0a26e3c2da/byte-buddy-agent-1.17.7.jar)
WARNING: If a serviceability tool is in use, please run with -XX:+EnableDynamicAgentLoading to hide this warning
WARNING: If a serviceability tool is not in use, please run with -Djdk.instrument.traceUsage for more information
WARNING: Dynamic loading of agents will be disallowed by default in a future release
]]></system-err>
</testsuite>
