<?xml version="1.0" encoding="UTF-8"?>
<testsuite name="Device Validator Tests" tests="12" skipped="0" failures="0" errors="0" timestamp="2025-09-19T20:15:19.139Z" hostname="Yurik" time="0.032">
  <properties/>
  <testcase name="Validate DeviceBLM with null fields - Negative" classname="com.connection.device.validator.DeviceValidatorTest" time="0.001"/>
  <testcase name="Validate DeviceDTO with empty name - Negative" classname="com.connection.device.validator.DeviceValidatorTest" time="0.002"/>
  <testcase name="Validate DeviceDTO with invalid UID - Negative" classname="com.connection.device.validator.DeviceValidatorTest" time="0.001"/>
  <testcase name="Validate DeviceDTO with long description - Negative" classname="com.connection.device.validator.DeviceValidatorTest" time="0.001"/>
  <testcase name="Validate DeviceDTO with long name - Negative" classname="com.connection.device.validator.DeviceValidatorTest" time="0.002"/>
  <testcase name="Validate DeviceDTO with null UID - Negative" classname="com.connection.device.validator.DeviceValidatorTest" time="0.001"/>
  <testcase name="Validate DeviceDTO with whitespace name - Negative" classname="com.connection.device.validator.DeviceValidatorTest" time="0.001"/>
  <testcase name="Validate null DeviceBLM - Negative" classname="com.connection.device.validator.DeviceValidatorTest" time="0.001"/>
  <testcase name="Validate null DeviceDTO - Negative" classname="com.connection.device.validator.DeviceValidatorTest" time="0.0"/>
  <testcase name="Validate valid DeviceBLM - Positive" classname="com.connection.device.validator.DeviceValidatorTest" time="0.001"/>
  <testcase name="Validate valid DeviceDALM - Positive" classname="com.connection.device.validator.DeviceValidatorTest" time="0.001"/>
  <testcase name="Validate valid DeviceDTO - Positive" classname="com.connection.device.validator.DeviceValidatorTest" time="0.001"/>
  <system-out><![CDATA[]]></system-out>
  <system-err><![CDATA[]]></system-err>
</testsuite>
