<?xml version="1.0" encoding="UTF-8"?>
<testsuite name="Device Exception Tests" tests="6" skipped="0" failures="0" errors="0" timestamp="2025-09-19T20:15:17.280Z" hostname="Yurik" time="0.015">
  <properties/>
  <testcase name="BaseDeviceException toString format" classname="com.connection.device.exception.DeviceExceptionTest" time="0.003"/>
  <testcase name="DeviceAddException toString format" classname="com.connection.device.exception.DeviceExceptionTest" time="0.001"/>
  <testcase name="DeviceAlreadyExistsException toString format" classname="com.connection.device.exception.DeviceExceptionTest" time="0.001"/>
  <testcase name="DeviceNotFoundException toString format" classname="com.connection.device.exception.DeviceExceptionTest" time="0.001"/>
  <testcase name="DeviceValidateException toString format" classname="com.connection.device.exception.DeviceExceptionTest" time="0.001"/>
  <testcase name="Exception inheritance hierarchy" classname="com.connection.device.exception.DeviceExceptionTest" time="0.003"/>
  <system-out><![CDATA[]]></system-out>
  <system-err><![CDATA[]]></system-err>
</testsuite>
