<?xml version="1.0" encoding="UTF-8"?>
<testsuite name="Device Exception Tests" tests="6" skipped="0" failures="0" errors="0" timestamp="2025-09-19T23:07:38.361Z" hostname="Yurik" time="0.012">
  <properties/>
  <testcase name="BaseDeviceException toString format" classname="com.connection.device.exception.DeviceExceptionTest" time="0.002"/>
  <testcase name="DeviceAddException toString format" classname="com.connection.device.exception.DeviceExceptionTest" time="0.001"/>
  <testcase name="DeviceAlreadyExistsException toString format" classname="com.connection.device.exception.DeviceExceptionTest" time="0.0"/>
  <testcase name="DeviceNotFoundException toString format" classname="com.connection.device.exception.DeviceExceptionTest" time="0.0"/>
  <testcase name="DeviceValidateException toString format" classname="com.connection.device.exception.DeviceExceptionTest" time="0.001"/>
  <testcase name="Exception inheritance hierarchy" classname="com.connection.device.exception.DeviceExceptionTest" time="0.002"/>
  <system-out><![CDATA[]]></system-out>
  <system-err><![CDATA[]]></system-err>
</testsuite>
