<?xml version="1.0" encoding="UTF-8"?>
<testsuite name="Buffer Service Implementation Tests" tests="12" skipped="0" failures="0" errors="0" timestamp="2025-09-20T07:27:24.689Z" hostname="Yurik" time="2.119">
  <properties/>
  <testcase name="Delete buffer - Positive" classname="com.service.buffer.BufferServiceImplLondonTest" time="1.463"/>
  <testcase name="Delete buffers by connection scheme - Positive" classname="com.service.buffer.BufferServiceImplLondonTest" time="0.003"/>
  <testcase name="Create buffer - Negative: Token validation fails" classname="com.service.buffer.BufferServiceImplLondonTest" time="0.45"/>
  <testcase name="Create buffer - Positive" classname="com.service.buffer.BufferServiceImplLondonTest" time="0.012"/>
  <testcase name="Update buffer - Positive" classname="com.service.buffer.BufferServiceImplLondonTest" time="0.003"/>
  <testcase name="Get buffers by connection scheme - Positive" classname="com.service.buffer.BufferServiceImplLondonTest" time="0.013"/>
  <testcase name="Health check - Positive" classname="com.service.buffer.BufferServiceImplLondonTest" time="0.018"/>
  <testcase name="Create buffer - Negative: Connection scheme doesn't belong to client" classname="com.service.buffer.BufferServiceImplLondonTest" time="0.002"/>
  <testcase name="Create buffer - Negative: Buffer already exists" classname="com.service.buffer.BufferServiceImplLondonTest" time="0.003"/>
  <testcase name="Get buffers by client - Positive" classname="com.service.buffer.BufferServiceImplLondonTest" time="0.003"/>
  <testcase name="Get buffer - Positive" classname="com.service.buffer.BufferServiceImplLondonTest" time="0.003"/>
  <testcase name="Buffer exists - Positive" classname="com.service.buffer.BufferServiceImplLondonTest" time="0.003"/>
  <system-out><![CDATA[10:27:26.127 [ForkJoinPool-1-worker-1] INFO com.service.buffer.BufferServiceImpl -- Buffer deleted: 323e4567-e89b-12d3-a456-426614174002
10:27:26.281 [ForkJoinPool-1-worker-1] INFO com.service.buffer.BufferServiceImpl -- Buffers deleted for connection scheme: 423e4567-e89b-12d3-a456-426614174003
10:27:26.737 [ForkJoinPool-1-worker-1] INFO com.service.buffer.BufferServiceImpl -- Buffer created: 323e4567-e89b-12d3-a456-426614174002 for connection scheme: 423e4567-e89b-12d3-a456-426614174003
10:27:26.750 [ForkJoinPool-1-worker-1] INFO com.service.buffer.BufferServiceImpl -- Buffer updated: 323e4567-e89b-12d3-a456-426614174002 for connection scheme: 423e4567-e89b-12d3-a456-426614174003
]]></system-out>
  <system-err><![CDATA[Mockito is currently self-attaching to enable the inline-mock-maker. This will no longer work in future releases of the JDK. Please add Mockito as an agent to your build as described in Mockito's documentation: https://javadoc.io/doc/org.mockito/mockito-core/latest/org.mockito/org/mockito/Mockito.html#0.3
WARNING: A Java agent has been loaded dynamically (/home/yurik/.gradle/caches/modules-2/files-2.1/net.bytebuddy/byte-buddy-agent/1.17.7/fbf3d6d649ed37fc9e9c59480a05be0a26e3c2da/byte-buddy-agent-1.17.7.jar)
WARNING: If a serviceability tool is in use, please run with -XX:+EnableDynamicAgentLoading to hide this warning
WARNING: If a serviceability tool is not in use, please run with -Djdk.instrument.traceUsage for more information
WARNING: Dynamic loading of agents will be disallowed by default in a future release
]]></system-err>
</testsuite>
