<?xml version="1.0" encoding="UTF-8"?>
<testsuite name="Buffer Service Implementation Tests" tests="17" skipped="0" failures="4" errors="0" timestamp="2025-10-08T21:29:19.016Z" hostname="Yurik" time="2.997">
  <properties/>
  <testcase name="Buffer exists - Negative: Device doesn't belong to client" classname="com.service.buffer.BufferServiceImplLondonTest" time="2.675"/>
  <testcase name="Delete buffer - Positive" classname="com.service.buffer.BufferServiceImplLondonTest" time="0.011"/>
  <testcase name="Get buffers by client - Negative: Device service returns error" classname="com.service.buffer.BufferServiceImplLondonTest" time="0.03"/>
  <testcase name="Create buffer - Positive" classname="com.service.buffer.BufferServiceImplLondonTest" time="0.008"/>
  <testcase name="Update buffer - Positive" classname="com.service.buffer.BufferServiceImplLondonTest" time="0.014">
    <failure message="org.mockito.exceptions.misusing.UnnecessaryStubbingException: &#10;Unnecessary stubbings detected.&#10;Clean &amp; maintainable test code requires zero unnecessary code.&#10;Following stubbings are unnecessary (click to navigate to relevant line of code):&#10;  1. -&gt; at com.service.buffer.BufferServiceImplLondonTest.shouldUpdateBufferWhenValidData(BufferServiceImplLondonTest.java:262)&#10;Please remove unnecessary stubbings or use 'lenient' strictness. More info: javadoc for UnnecessaryStubbingException class." type="org.mockito.exceptions.misusing.UnnecessaryStubbingException">org.mockito.exceptions.misusing.UnnecessaryStubbingException: 
Unnecessary stubbings detected.
Clean &amp; maintainable test code requires zero unnecessary code.
Following stubbings are unnecessary (click to navigate to relevant line of code):
  1. -&gt; at com.service.buffer.BufferServiceImplLondonTest.shouldUpdateBufferWhenValidData(BufferServiceImplLondonTest.java:262)
Please remove unnecessary stubbings or use 'lenient' strictness. More info: javadoc for UnnecessaryStubbingException class.
	at app//org.mockito.junit.jupiter.MockitoExtension.lambda$afterEach$2(MockitoExtension.java:200)
	at java.base@21.0.8/java.util.Optional.ifPresent(Optional.java:178)
	at app//org.mockito.junit.jupiter.MockitoExtension.afterEach(MockitoExtension.java:198)
	at java.base@21.0.8/java.util.concurrent.ForkJoinTask.doExec(ForkJoinTask.java:387)
	at java.base@21.0.8/java.util.concurrent.ForkJoinPool$WorkQueue.topLevelExec(ForkJoinPool.java:1312)
	at java.base@21.0.8/java.util.concurrent.ForkJoinPool.scan(ForkJoinPool.java:1843)
	at java.base@21.0.8/java.util.concurrent.ForkJoinPool.runWorker(ForkJoinPool.java:1808)
	at java.base@21.0.8/java.util.concurrent.ForkJoinWorkerThread.run(ForkJoinWorkerThread.java:188)
</failure>
  </testcase>
  <testcase name="Get buffers by connection scheme - Positive" classname="com.service.buffer.BufferServiceImplLondonTest" time="0.01"/>
  <testcase name="Create buffer - Negative: Device doesn't belong to client" classname="com.service.buffer.BufferServiceImplLondonTest" time="0.014"/>
  <testcase name="Create buffer - Negative: Buffer already exists" classname="com.service.buffer.BufferServiceImplLondonTest" time="0.007"/>
  <testcase name="Get buffers by client - Negative: Device service timeout" classname="com.service.buffer.BufferServiceImplLondonTest" time="0.021">
    <failure message="java.lang.AssertionError: &#10;Expecting throwable message:&#10;  &quot;Device service error&quot;&#10;to contain:&#10;  &quot;Device service timeout&quot;&#10;but did not.&#10;&#10;Throwable that failed the check:&#10;&#10;java.lang.RuntimeException: Device service error&#10;&#9;at com.service.buffer.BufferServiceImpl.getBuffersByClient_aroundBody4(BufferServiceImpl.java:123)&#10;&#9;at com.service.buffer.BufferServiceImpl$AjcClosure5.run(BufferServiceImpl.java:1)&#10;&#9;at org.springframework.transaction.aspectj.AbstractTransactionAspect.ajc$around$org_springframework_transaction_aspectj_AbstractTransactionAspect$1$2a73e96cproceed(AbstractTransactionAspect.aj:67)&#10;&#9;at org.springframework.transaction.aspectj.AbstractTransactionAspect$AbstractTransactionAspect$1.proceedWithInvocation(AbstractTransactionAspect.aj:73)&#10;&#9;at org.springframework.transaction.interceptor.TransactionAspectSupport.invokeWithinTransaction(TransactionAspectSupport.java:380)&#10;&#9;at org.springframework.transaction.aspectj.AbstractTransactionAspect.ajc$around$org_springframework_transaction_aspectj_AbstractTransactionAspect$1$2a73e96c(AbstractTransactionAspect.aj:71)&#10;&#9;at com.service.buffer.BufferServiceImpl.getBuffersByClient(BufferServiceImpl.java:92)&#10;&#9;at com.service.buffer.BufferServiceImplLondonTest.lambda$shouldThrowExceptionWhenDeviceServiceTimeout$3(BufferServiceImplLondonTest.java:453)&#10;&#9;at org.assertj.core.api.ThrowableAssert.catchThrowable(ThrowableAssert.java:63)&#10;&#9;at org.assertj.core.api.AssertionsForClassTypes.catchThrowable(AssertionsForClassTypes.java:904)&#10;&#9;at org.assertj.core.api.Assertions.catchThrowable(Assertions.java:1472)&#10;&#9;at org.assertj.core.api.Assertions.assertThatThrownBy(Assertions.java:1315)&#10;&#9;at com.service.buffer.BufferServiceImplLondonTest.shouldThrowExceptionWhenDeviceServiceTimeout(BufferServiceImplLondonTest.java:453)&#10;&#9;at java.base/jdk.internal.reflect.DirectMethodHandleAccessor.invoke(DirectMethodHandleAccessor.java:103)&#10;&#9;at java.base/java.lang.reflect.Method.invoke(Method.java:580)&#10;&#9;at org.junit.platform.commons.util.ReflectionUtils.invokeMethod(ReflectionUtils.java:775)&#10;&#9;at org.junit.platform.commons.support.ReflectionSupport.invokeMethod(ReflectionSupport.java:479)&#10;&#9;at org.junit.jupiter.engine.execution.MethodInvocation.proceed(MethodInvocation.java:60)&#10;&#9;at org.junit.jupiter.engine.execution.InvocationInterceptorChain$ValidatingInvocation.proceed(InvocationInterceptorChain.java:131)&#10;&#9;at org.junit.jupiter.api.extension.InvocationInterceptor.interceptTestMethod(InvocationInterceptor.java:129)&#10;&#9;at org.junit.jupiter.engine.execution.InterceptingExecutableInvoker$ReflectiveInterceptorCall.lambda$ofVoidMethod$0(InterceptingExecutableInvoker.java:112)&#10;&#9;at org.junit.jupiter.engine.execution.InterceptingExecutableInvoker.lambda$invoke$0(InterceptingExecutableInvoker.java:94)&#10;&#9;at org.junit.jupiter.engine.execution.InvocationInterceptorChain$InterceptedInvocation.proceed(InvocationInterceptorChain.java:106)&#10;&#9;at org.junit.jupiter.engine.extension.TimeoutExtension.intercept(TimeoutExtension.java:161)&#10;&#9;at org.junit.jupiter.engine.extension.TimeoutExtension.interceptTestableMethod(TimeoutExtension.java:152)&#10;&#9;at org.junit.jupiter.engine.extension.TimeoutExtension.interceptTestMethod(TimeoutExtension.java:91)&#10;&#9;at org.junit.jupiter.engine.execution.InterceptingExecutableInvoker$ReflectiveInterceptorCall.lambda$ofVoidMethod$0(InterceptingExecutableInvoker.java:112)&#10;&#9;at org.junit.jupiter.engine.execution.InterceptingExecutableInvoker.lambda$invoke$0(InterceptingExecutableInvoker.java:94)&#10;&#9;at org.junit.jupiter.engine.execution.InvocationInterceptorChain$InterceptedInvocation.proceed(InvocationInterceptorChain.java:106)&#10;&#9;at org.junit.jupiter.engine.execution.InvocationInterceptorChain.proceed(InvocationInterceptorChain.java:64)&#10;&#9;at org.junit.jupiter.engine.execution.InvocationInterceptorChain.chainAndInvoke(InvocationInterceptorChain.java:45)&#10;&#9;at org.junit.jupiter.engine.execution.InvocationInterceptorChain.invoke(InvocationInterceptorChain.java:37)&#10;&#9;at org.junit.jupiter.engine.execution.InterceptingExecutableInvoker.invoke(InterceptingExecutableInvoker.java:93)&#10;&#9;at org.junit.jupiter.engine.execution.InterceptingExecutableInvoker.invoke(InterceptingExecutableInvoker.java:87)&#10;&#9;at org.junit.jupiter.engine.descriptor.TestMethodTestDescriptor.lambda$invokeTestMethod$7(TestMethodTestDescriptor.java:216)&#10;&#9;at org.junit.platform.engine.support.hierarchical.ThrowableCollector.execute(ThrowableCollector.java:73)&#10;&#9;at org.junit.jupiter.engine.descriptor.TestMethodTestDescriptor.invokeTestMethod(TestMethodTestDescriptor.java:212)&#10;&#9;at org.junit.jupiter.engine.descriptor.TestMethodTestDescriptor.execute(TestMethodTestDescriptor.java:137)&#10;&#9;at org.junit.jupiter.engine.descriptor.TestMethodTestDescriptor.execute(TestMethodTestDescriptor.java:69)&#10;&#9;at org.junit.platform.engine.support.hierarchical.NodeTestTask.lambda$executeRecursively$6(NodeTestTask.java:156)&#10;&#9;at org.junit.platform.engine.support.hierarchical.ThrowableCollector.execute(ThrowableCollector.java:73)&#10;&#9;at org.junit.platform.engine.support.hierarchical.NodeTestTask.lambda$executeRecursively$8(NodeTestTask.java:146)&#10;&#9;at org.junit.platform.engine.support.hierarchical.Node.around(Node.java:137)&#10;&#9;at org.junit.platform.engine.support.hierarchical.NodeTestTask.lambda$executeRecursively$9(NodeTestTask.java:144)&#10;&#9;at org.junit.platform.engine.support.hierarchical.ThrowableCollector.execute(ThrowableCollector.java:73)&#10;&#9;at org.junit.platform.engine.support.hierarchical.NodeTestTask.executeRecursively(NodeTestTask.java:143)&#10;&#9;at org.junit.platform.engine.support.hierarchical.NodeTestTask.execute(NodeTestTask.java:100)&#10;&#9;at org.junit.platform.engine.support.hierarchical.ForkJoinPoolHierarchicalTestExecutorService$ExclusiveTask.exec(ForkJoinPoolHierarchicalTestExecutorService.java:274)&#10;&#9;at org.junit.platform.engine.support.hierarchical.ForkJoinPoolHierarchicalTestExecutorService$ExclusiveTask.execSync(ForkJoinPoolHierarchicalTestExecutorService.java:247)&#10;&#9;at org.junit.platform.engine.support.hierarchical.ForkJoinPoolHierarchicalTestExecutorService.executeSync(ForkJoinPoolHierarchicalTestExecutorService.java:194)&#10;&#9;at org.junit.platform.engine.support.hierarchical.ForkJoinPoolHierarchicalTestExecutorService.invokeAll(ForkJoinPoolHierarchicalTestExecutorService.java:166)&#10;&#9;at org.junit.platform.engine.support.hierarchical.NodeTestTask.lambda$executeRecursively$6(NodeTestTask.java:160)&#10;&#9;at org.junit.platform.engine.support.hierarchical.ThrowableCollector.execute(ThrowableCollector.java:73)&#10;&#9;at org.junit.platform.engine.support.hierarchical.NodeTestTask.lambda$executeRecursively$8(NodeTestTask.java:146)&#10;&#9;at org.junit.platform.engine.support.hierarchical.Node.around(Node.java:137)&#10;&#9;at org.junit.platform.engine.support.hierarchical.NodeTestTask.lambda$executeRecursively$9(NodeTestTask.java:144)&#10;&#9;at org.junit.platform.engine.support.hierarchical.ThrowableCollector.execute(ThrowableCollector.java:73)&#10;&#9;at org.junit.platform.engine.support.hierarchical.NodeTestTask.executeRecursively(NodeTestTask.java:143)&#10;&#9;at org.junit.platform.engine.support.hierarchical.NodeTestTask.execute(NodeTestTask.java:100)&#10;&#9;at org.junit.platform.engine.support.hierarchical.ForkJoinPoolHierarchicalTestExecutorService$ExclusiveTask.exec(ForkJoinPoolHierarchicalTestExecutorService.java:274)&#10;&#9;at org.junit.platform.engine.support.hierarchical.ForkJoinPoolHierarchicalTestExecutorService$ExclusiveTask.execSync(ForkJoinPoolHierarchicalTestExecutorService.java:247)&#10;&#9;at org.junit.platform.engine.support.hierarchical.ForkJoinPoolHierarchicalTestExecutorService.invokeAll(ForkJoinPoolHierarchicalTestExecutorService.java:159)&#10;&#9;at org.junit.platform.engine.support.hierarchical.NodeTestTask.lambda$executeRecursively$6(NodeTestTask.java:160)&#10;&#9;at org.junit.platform.engine.support.hierarchical.ThrowableCollector.execute(ThrowableCollector.java:73)&#10;&#9;at org.junit.platform.engine.support.hierarchical.NodeTestTask.lambda$executeRecursively$8(NodeTestTask.java:146)&#10;&#9;at org.junit.platform.engine.support.hierarchical.Node.around(Node.java:137)&#10;&#9;at org.junit.platform.engine.support.hierarchical.NodeTestTask.lambda$executeRecursively$9(NodeTestTask.java:144)&#10;&#9;at org.junit.platform.engine.support.hierarchical.ThrowableCollector.execute(ThrowableCollector.java:73)&#10;&#9;at org.junit.platform.engine.support.hierarchical.NodeTestTask.executeRecursively(NodeTestTask.java:143)&#10;&#9;at org.junit.platform.engine.support.hierarchical.NodeTestTask.execute(NodeTestTask.java:100)&#10;&#9;at org.junit.platform.engine.support.hierarchical.ForkJoinPoolHierarchicalTestExecutorService$ExclusiveTask.exec(ForkJoinPoolHierarchicalTestExecutorService.java:274)&#10;&#9;at java.base/java.util.concurrent.ForkJoinTask.doExec(ForkJoinTask.java:387)&#10;&#9;at java.base/java.util.concurrent.ForkJoinPool$WorkQueue.topLevelExec(ForkJoinPool.java:1312)&#10;&#9;at java.base/java.util.concurrent.ForkJoinPool.scan(ForkJoinPool.java:1843)&#10;&#9;at java.base/java.util.concurrent.ForkJoinPool.runWorker(ForkJoinPool.java:1808)&#10;&#9;at java.base/java.util.concurrent.ForkJoinWorkerThread.run(ForkJoinWorkerThread.java:188)&#10;Caused by: java.util.concurrent.ExecutionException: java.util.concurrent.TimeoutException: Timeout&#10;&#9;at java.base/java.util.concurrent.CompletableFuture.reportGet(CompletableFuture.java:396)&#10;&#9;at java.base/java.util.concurrent.CompletableFuture.get(CompletableFuture.java:2096)&#10;&#9;at com.service.buffer.BufferServiceImpl.getBuffersByClient_aroundBody4(BufferServiceImpl.java:94)&#10;&#9;... 75 more&#10;Caused by: java.util.concurrent.TimeoutException: Timeout&#10;&#9;at com.service.buffer.BufferServiceImplLondonTest.shouldThrowExceptionWhenDeviceServiceTimeout(BufferServiceImplLondonTest.java:447)&#10;&#9;... 63 more&#10;" type="java.lang.AssertionError">java.lang.AssertionError: 
Expecting throwable message:
  &quot;Device service error&quot;
to contain:
  &quot;Device service timeout&quot;
but did not.

Throwable that failed the check:

java.lang.RuntimeException: Device service error
	at com.service.buffer.BufferServiceImpl.getBuffersByClient_aroundBody4(BufferServiceImpl.java:123)
	at com.service.buffer.BufferServiceImpl$AjcClosure5.run(BufferServiceImpl.java:1)
	at org.springframework.transaction.aspectj.AbstractTransactionAspect.ajc$around$org_springframework_transaction_aspectj_AbstractTransactionAspect$1$2a73e96cproceed(AbstractTransactionAspect.aj:67)
	at org.springframework.transaction.aspectj.AbstractTransactionAspect$AbstractTransactionAspect$1.proceedWithInvocation(AbstractTransactionAspect.aj:73)
	at org.springframework.transaction.interceptor.TransactionAspectSupport.invokeWithinTransaction(TransactionAspectSupport.java:380)
	at org.springframework.transaction.aspectj.AbstractTransactionAspect.ajc$around$org_springframework_transaction_aspectj_AbstractTransactionAspect$1$2a73e96c(AbstractTransactionAspect.aj:71)
	at com.service.buffer.BufferServiceImpl.getBuffersByClient(BufferServiceImpl.java:92)
	at com.service.buffer.BufferServiceImplLondonTest.lambda$shouldThrowExceptionWhenDeviceServiceTimeout$3(BufferServiceImplLondonTest.java:453)
	at org.assertj.core.api.ThrowableAssert.catchThrowable(ThrowableAssert.java:63)
	at org.assertj.core.api.AssertionsForClassTypes.catchThrowable(AssertionsForClassTypes.java:904)
	at org.assertj.core.api.Assertions.catchThrowable(Assertions.java:1472)
	at org.assertj.core.api.Assertions.assertThatThrownBy(Assertions.java:1315)
	at com.service.buffer.BufferServiceImplLondonTest.shouldThrowExceptionWhenDeviceServiceTimeout(BufferServiceImplLondonTest.java:453)
	at java.base/jdk.internal.reflect.DirectMethodHandleAccessor.invoke(DirectMethodHandleAccessor.java:103)
	at java.base/java.lang.reflect.Method.invoke(Method.java:580)
	at org.junit.platform.commons.util.ReflectionUtils.invokeMethod(ReflectionUtils.java:775)
	at org.junit.platform.commons.support.ReflectionSupport.invokeMethod(ReflectionSupport.java:479)
	at org.junit.jupiter.engine.execution.MethodInvocation.proceed(MethodInvocation.java:60)
	at org.junit.jupiter.engine.execution.InvocationInterceptorChain$ValidatingInvocation.proceed(InvocationInterceptorChain.java:131)
	at org.junit.jupiter.api.extension.InvocationInterceptor.interceptTestMethod(InvocationInterceptor.java:129)
	at org.junit.jupiter.engine.execution.InterceptingExecutableInvoker$ReflectiveInterceptorCall.lambda$ofVoidMethod$0(InterceptingExecutableInvoker.java:112)
	at org.junit.jupiter.engine.execution.InterceptingExecutableInvoker.lambda$invoke$0(InterceptingExecutableInvoker.java:94)
	at org.junit.jupiter.engine.execution.InvocationInterceptorChain$InterceptedInvocation.proceed(InvocationInterceptorChain.java:106)
	at org.junit.jupiter.engine.extension.TimeoutExtension.intercept(TimeoutExtension.java:161)
	at org.junit.jupiter.engine.extension.TimeoutExtension.interceptTestableMethod(TimeoutExtension.java:152)
	at org.junit.jupiter.engine.extension.TimeoutExtension.interceptTestMethod(TimeoutExtension.java:91)
	at org.junit.jupiter.engine.execution.InterceptingExecutableInvoker$ReflectiveInterceptorCall.lambda$ofVoidMethod$0(InterceptingExecutableInvoker.java:112)
	at org.junit.jupiter.engine.execution.InterceptingExecutableInvoker.lambda$invoke$0(InterceptingExecutableInvoker.java:94)
	at org.junit.jupiter.engine.execution.InvocationInterceptorChain$InterceptedInvocation.proceed(InvocationInterceptorChain.java:106)
	at org.junit.jupiter.engine.execution.InvocationInterceptorChain.proceed(InvocationInterceptorChain.java:64)
	at org.junit.jupiter.engine.execution.InvocationInterceptorChain.chainAndInvoke(InvocationInterceptorChain.java:45)
	at org.junit.jupiter.engine.execution.InvocationInterceptorChain.invoke(InvocationInterceptorChain.java:37)
	at org.junit.jupiter.engine.execution.InterceptingExecutableInvoker.invoke(InterceptingExecutableInvoker.java:93)
	at org.junit.jupiter.engine.execution.InterceptingExecutableInvoker.invoke(InterceptingExecutableInvoker.java:87)
	at org.junit.jupiter.engine.descriptor.TestMethodTestDescriptor.lambda$invokeTestMethod$7(TestMethodTestDescriptor.java:216)
	at org.junit.platform.engine.support.hierarchical.ThrowableCollector.execute(ThrowableCollector.java:73)
	at org.junit.jupiter.engine.descriptor.TestMethodTestDescriptor.invokeTestMethod(TestMethodTestDescriptor.java:212)
	at org.junit.jupiter.engine.descriptor.TestMethodTestDescriptor.execute(TestMethodTestDescriptor.java:137)
	at org.junit.jupiter.engine.descriptor.TestMethodTestDescriptor.execute(TestMethodTestDescriptor.java:69)
	at org.junit.platform.engine.support.hierarchical.NodeTestTask.lambda$executeRecursively$6(NodeTestTask.java:156)
	at org.junit.platform.engine.support.hierarchical.ThrowableCollector.execute(ThrowableCollector.java:73)
	at org.junit.platform.engine.support.hierarchical.NodeTestTask.lambda$executeRecursively$8(NodeTestTask.java:146)
	at org.junit.platform.engine.support.hierarchical.Node.around(Node.java:137)
	at org.junit.platform.engine.support.hierarchical.NodeTestTask.lambda$executeRecursively$9(NodeTestTask.java:144)
	at org.junit.platform.engine.support.hierarchical.ThrowableCollector.execute(ThrowableCollector.java:73)
	at org.junit.platform.engine.support.hierarchical.NodeTestTask.executeRecursively(NodeTestTask.java:143)
	at org.junit.platform.engine.support.hierarchical.NodeTestTask.execute(NodeTestTask.java:100)
	at org.junit.platform.engine.support.hierarchical.ForkJoinPoolHierarchicalTestExecutorService$ExclusiveTask.exec(ForkJoinPoolHierarchicalTestExecutorService.java:274)
	at org.junit.platform.engine.support.hierarchical.ForkJoinPoolHierarchicalTestExecutorService$ExclusiveTask.execSync(ForkJoinPoolHierarchicalTestExecutorService.java:247)
	at org.junit.platform.engine.support.hierarchical.ForkJoinPoolHierarchicalTestExecutorService.executeSync(ForkJoinPoolHierarchicalTestExecutorService.java:194)
	at org.junit.platform.engine.support.hierarchical.ForkJoinPoolHierarchicalTestExecutorService.invokeAll(ForkJoinPoolHierarchicalTestExecutorService.java:166)
	at org.junit.platform.engine.support.hierarchical.NodeTestTask.lambda$executeRecursively$6(NodeTestTask.java:160)
	at org.junit.platform.engine.support.hierarchical.ThrowableCollector.execute(ThrowableCollector.java:73)
	at org.junit.platform.engine.support.hierarchical.NodeTestTask.lambda$executeRecursively$8(NodeTestTask.java:146)
	at org.junit.platform.engine.support.hierarchical.Node.around(Node.java:137)
	at org.junit.platform.engine.support.hierarchical.NodeTestTask.lambda$executeRecursively$9(NodeTestTask.java:144)
	at org.junit.platform.engine.support.hierarchical.ThrowableCollector.execute(ThrowableCollector.java:73)
	at org.junit.platform.engine.support.hierarchical.NodeTestTask.executeRecursively(NodeTestTask.java:143)
	at org.junit.platform.engine.support.hierarchical.NodeTestTask.execute(NodeTestTask.java:100)
	at org.junit.platform.engine.support.hierarchical.ForkJoinPoolHierarchicalTestExecutorService$ExclusiveTask.exec(ForkJoinPoolHierarchicalTestExecutorService.java:274)
	at org.junit.platform.engine.support.hierarchical.ForkJoinPoolHierarchicalTestExecutorService$ExclusiveTask.execSync(ForkJoinPoolHierarchicalTestExecutorService.java:247)
	at org.junit.platform.engine.support.hierarchical.ForkJoinPoolHierarchicalTestExecutorService.invokeAll(ForkJoinPoolHierarchicalTestExecutorService.java:159)
	at org.junit.platform.engine.support.hierarchical.NodeTestTask.lambda$executeRecursively$6(NodeTestTask.java:160)
	at org.junit.platform.engine.support.hierarchical.ThrowableCollector.execute(ThrowableCollector.java:73)
	at org.junit.platform.engine.support.hierarchical.NodeTestTask.lambda$executeRecursively$8(NodeTestTask.java:146)
	at org.junit.platform.engine.support.hierarchical.Node.around(Node.java:137)
	at org.junit.platform.engine.support.hierarchical.NodeTestTask.lambda$executeRecursively$9(NodeTestTask.java:144)
	at org.junit.platform.engine.support.hierarchical.ThrowableCollector.execute(ThrowableCollector.java:73)
	at org.junit.platform.engine.support.hierarchical.NodeTestTask.executeRecursively(NodeTestTask.java:143)
	at org.junit.platform.engine.support.hierarchical.NodeTestTask.execute(NodeTestTask.java:100)
	at org.junit.platform.engine.support.hierarchical.ForkJoinPoolHierarchicalTestExecutorService$ExclusiveTask.exec(ForkJoinPoolHierarchicalTestExecutorService.java:274)
	at java.base/java.util.concurrent.ForkJoinTask.doExec(ForkJoinTask.java:387)
	at java.base/java.util.concurrent.ForkJoinPool$WorkQueue.topLevelExec(ForkJoinPool.java:1312)
	at java.base/java.util.concurrent.ForkJoinPool.scan(ForkJoinPool.java:1843)
	at java.base/java.util.concurrent.ForkJoinPool.runWorker(ForkJoinPool.java:1808)
	at java.base/java.util.concurrent.ForkJoinWorkerThread.run(ForkJoinWorkerThread.java:188)
Caused by: java.util.concurrent.ExecutionException: java.util.concurrent.TimeoutException: Timeout
	at java.base/java.util.concurrent.CompletableFuture.reportGet(CompletableFuture.java:396)
	at java.base/java.util.concurrent.CompletableFuture.get(CompletableFuture.java:2096)
	at com.service.buffer.BufferServiceImpl.getBuffersByClient_aroundBody4(BufferServiceImpl.java:94)
	... 75 more
Caused by: java.util.concurrent.TimeoutException: Timeout
	at com.service.buffer.BufferServiceImplLondonTest.shouldThrowExceptionWhenDeviceServiceTimeout(BufferServiceImplLondonTest.java:447)
	... 63 more

	at com.service.buffer.BufferServiceImplLondonTest.shouldThrowExceptionWhenDeviceServiceTimeout(BufferServiceImplLondonTest.java:455)
	at java.base/java.lang.reflect.Method.invoke(Method.java:580)
	at java.base/java.util.concurrent.ForkJoinTask.doExec(ForkJoinTask.java:387)
	at java.base/java.util.concurrent.ForkJoinPool$WorkQueue.topLevelExec(ForkJoinPool.java:1312)
	at java.base/java.util.concurrent.ForkJoinPool.scan(ForkJoinPool.java:1843)
	at java.base/java.util.concurrent.ForkJoinPool.runWorker(ForkJoinPool.java:1808)
	at java.base/java.util.concurrent.ForkJoinWorkerThread.run(ForkJoinWorkerThread.java:188)
</failure>
  </testcase>
  <testcase name="Get buffers by device - Positive" classname="com.service.buffer.BufferServiceImplLondonTest" time="0.003"/>
  <testcase name="Get buffers by client - Positive" classname="com.service.buffer.BufferServiceImplLondonTest" time="0.005"/>
  <testcase name="Buffer exists - Negative: Buffer not found" classname="com.service.buffer.BufferServiceImplLondonTest" time="0.003"/>
  <testcase name="Update buffer - Negative: Cannot change buffer UID" classname="com.service.buffer.BufferServiceImplLondonTest" time="0.004"/>
  <testcase name="Get buffer - Positive" classname="com.service.buffer.BufferServiceImplLondonTest" time="0.003"/>
  <testcase name="Delete buffer from connection scheme - Positive" classname="com.service.buffer.BufferServiceImplLondonTest" time="0.007">
    <failure message="org.mockito.exceptions.verification.TooManyActualInvocations: &#10;connectionSchemeKafkaClient.connectionSchemeExistsAndBelongsToClient(&#10;    423e4567-e89b-12d3-a456-426614174003,&#10;    123e4567-e89b-12d3-a456-426614174000&#10;);&#10;Wanted 1 time:&#10;-&gt; at com.service.buffer.kafka.TypedConnectionSchemeKafkaClient.connectionSchemeExistsAndBelongsToClient(TypedConnectionSchemeKafkaClient.java:67)&#10;But was 2 times:&#10;-&gt; at com.service.buffer.BufferServiceImpl.deleteBufferFromConnectionScheme_aroundBody18(BufferServiceImpl.java:253)&#10;-&gt; at com.service.buffer.BufferServiceImpl.getBuffersByConnectionScheme_aroundBody8(BufferServiceImpl.java:142)&#10;&#10;" type="org.mockito.exceptions.verification.TooManyActualInvocations">org.mockito.exceptions.verification.TooManyActualInvocations: 
connectionSchemeKafkaClient.connectionSchemeExistsAndBelongsToClient(
    423e4567-e89b-12d3-a456-426614174003,
    123e4567-e89b-12d3-a456-426614174000
);
Wanted 1 time:
-&gt; at com.service.buffer.kafka.TypedConnectionSchemeKafkaClient.connectionSchemeExistsAndBelongsToClient(TypedConnectionSchemeKafkaClient.java:67)
But was 2 times:
-&gt; at com.service.buffer.BufferServiceImpl.deleteBufferFromConnectionScheme_aroundBody18(BufferServiceImpl.java:253)
-&gt; at com.service.buffer.BufferServiceImpl.getBuffersByConnectionScheme_aroundBody8(BufferServiceImpl.java:142)


	at app//com.service.buffer.kafka.TypedConnectionSchemeKafkaClient.connectionSchemeExistsAndBelongsToClient(TypedConnectionSchemeKafkaClient.java:67)
	at app//com.service.buffer.BufferServiceImplLondonTest.shouldDeleteBufferFromConnectionSchemeWhenValidRequest(BufferServiceImplLondonTest.java:335)
	at java.base@21.0.8/java.lang.reflect.Method.invoke(Method.java:580)
	at java.base@21.0.8/java.util.concurrent.ForkJoinTask.doExec(ForkJoinTask.java:387)
	at java.base@21.0.8/java.util.concurrent.ForkJoinPool$WorkQueue.topLevelExec(ForkJoinPool.java:1312)
	at java.base@21.0.8/java.util.concurrent.ForkJoinPool.scan(ForkJoinPool.java:1843)
	at java.base@21.0.8/java.util.concurrent.ForkJoinPool.runWorker(ForkJoinPool.java:1808)
	at java.base@21.0.8/java.util.concurrent.ForkJoinWorkerThread.run(ForkJoinWorkerThread.java:188)
</failure>
  </testcase>
  <testcase name="Delete all buffers from connection scheme - Positive" classname="com.service.buffer.BufferServiceImplLondonTest" time="0.004">
    <failure message="org.mockito.exceptions.verification.TooManyActualInvocations: &#10;connectionSchemeKafkaClient.connectionSchemeExistsAndBelongsToClient(&#10;    423e4567-e89b-12d3-a456-426614174003,&#10;    123e4567-e89b-12d3-a456-426614174000&#10;);&#10;Wanted 1 time:&#10;-&gt; at com.service.buffer.kafka.TypedConnectionSchemeKafkaClient.connectionSchemeExistsAndBelongsToClient(TypedConnectionSchemeKafkaClient.java:67)&#10;But was 2 times:&#10;-&gt; at com.service.buffer.BufferServiceImpl.deleteAllBuffersFromConnectionScheme_aroundBody20(BufferServiceImpl.java:270)&#10;-&gt; at com.service.buffer.BufferServiceImpl.getBuffersByConnectionScheme_aroundBody8(BufferServiceImpl.java:142)&#10;&#10;" type="org.mockito.exceptions.verification.TooManyActualInvocations">org.mockito.exceptions.verification.TooManyActualInvocations: 
connectionSchemeKafkaClient.connectionSchemeExistsAndBelongsToClient(
    423e4567-e89b-12d3-a456-426614174003,
    123e4567-e89b-12d3-a456-426614174000
);
Wanted 1 time:
-&gt; at com.service.buffer.kafka.TypedConnectionSchemeKafkaClient.connectionSchemeExistsAndBelongsToClient(TypedConnectionSchemeKafkaClient.java:67)
But was 2 times:
-&gt; at com.service.buffer.BufferServiceImpl.deleteAllBuffersFromConnectionScheme_aroundBody20(BufferServiceImpl.java:270)
-&gt; at com.service.buffer.BufferServiceImpl.getBuffersByConnectionScheme_aroundBody8(BufferServiceImpl.java:142)


	at app//com.service.buffer.kafka.TypedConnectionSchemeKafkaClient.connectionSchemeExistsAndBelongsToClient(TypedConnectionSchemeKafkaClient.java:67)
	at app//com.service.buffer.BufferServiceImplLondonTest.shouldDeleteAllBuffersFromConnectionSchemeWhenValidRequest(BufferServiceImplLondonTest.java:312)
	at java.base@21.0.8/java.lang.reflect.Method.invoke(Method.java:580)
	at java.base@21.0.8/java.util.concurrent.ForkJoinTask.doExec(ForkJoinTask.java:387)
	at java.base@21.0.8/java.util.concurrent.ForkJoinPool$WorkQueue.topLevelExec(ForkJoinPool.java:1312)
	at java.base@21.0.8/java.util.concurrent.ForkJoinPool.scan(ForkJoinPool.java:1843)
	at java.base@21.0.8/java.util.concurrent.ForkJoinPool.runWorker(ForkJoinPool.java:1808)
	at java.base@21.0.8/java.util.concurrent.ForkJoinWorkerThread.run(ForkJoinWorkerThread.java:188)
</failure>
  </testcase>
  <testcase name="Buffer exists - Positive" classname="com.service.buffer.BufferServiceImplLondonTest" time="0.004"/>
  <system-out><![CDATA[00:29:21.832 [ForkJoinPool-1-worker-1] INFO com.service.buffer.BufferServiceImpl -- Buffer deleted: 323e4567-e89b-12d3-a456-426614174002 for client: 123e4567-e89b-12d3-a456-426614174000, device: 423e4567-e89b-12d3-a456-426614174003
00:29:21.846 [ForkJoinPool-1-worker-1] WARN com.service.buffer.BufferServiceImpl -- Failed to get devices for client: 123e4567-e89b-12d3-a456-426614174000
00:29:21.878 [ForkJoinPool-1-worker-1] INFO com.service.buffer.BufferServiceImpl -- Buffer created: 323e4567-e89b-12d3-a456-426614174002 for device: 423e4567-e89b-12d3-a456-426614174003
00:29:21.887 [ForkJoinPool-1-worker-1] INFO com.service.buffer.BufferServiceImpl -- Buffer updated: 323e4567-e89b-12d3-a456-426614174002 for device: 423e4567-e89b-12d3-a456-426614174003
00:29:21.948 [ForkJoinPool-1-worker-1] ERROR com.service.buffer.BufferServiceImpl -- Error getting devices for client: 123e4567-e89b-12d3-a456-426614174000
java.util.concurrent.ExecutionException: java.util.concurrent.TimeoutException: Timeout
	at java.base/java.util.concurrent.CompletableFuture.reportGet(CompletableFuture.java:396)
	at java.base/java.util.concurrent.CompletableFuture.get(CompletableFuture.java:2096)
	at com.service.buffer.BufferServiceImpl.getBuffersByClient_aroundBody4(BufferServiceImpl.java:94)
	at com.service.buffer.BufferServiceImpl$AjcClosure5.run(BufferServiceImpl.java:1)
	at org.springframework.transaction.aspectj.AbstractTransactionAspect.ajc$around$org_springframework_transaction_aspectj_AbstractTransactionAspect$1$2a73e96cproceed(AbstractTransactionAspect.aj:67)
	at org.springframework.transaction.aspectj.AbstractTransactionAspect$AbstractTransactionAspect$1.proceedWithInvocation(AbstractTransactionAspect.aj:73)
	at org.springframework.transaction.interceptor.TransactionAspectSupport.invokeWithinTransaction(TransactionAspectSupport.java:380)
	at org.springframework.transaction.aspectj.AbstractTransactionAspect.ajc$around$org_springframework_transaction_aspectj_AbstractTransactionAspect$1$2a73e96c(AbstractTransactionAspect.aj:71)
	at com.service.buffer.BufferServiceImpl.getBuffersByClient(BufferServiceImpl.java:92)
	at com.service.buffer.BufferServiceImplLondonTest.lambda$shouldThrowExceptionWhenDeviceServiceTimeout$3(BufferServiceImplLondonTest.java:453)
	at org.assertj.core.api.ThrowableAssert.catchThrowable(ThrowableAssert.java:63)
	at org.assertj.core.api.AssertionsForClassTypes.catchThrowable(AssertionsForClassTypes.java:904)
	at org.assertj.core.api.Assertions.catchThrowable(Assertions.java:1472)
	at org.assertj.core.api.Assertions.assertThatThrownBy(Assertions.java:1315)
	at com.service.buffer.BufferServiceImplLondonTest.shouldThrowExceptionWhenDeviceServiceTimeout(BufferServiceImplLondonTest.java:453)
	at java.base/jdk.internal.reflect.DirectMethodHandleAccessor.invoke(DirectMethodHandleAccessor.java:103)
	at java.base/java.lang.reflect.Method.invoke(Method.java:580)
	at org.junit.platform.commons.util.ReflectionUtils.invokeMethod(ReflectionUtils.java:775)
	at org.junit.platform.commons.support.ReflectionSupport.invokeMethod(ReflectionSupport.java:479)
	at org.junit.jupiter.engine.execution.MethodInvocation.proceed(MethodInvocation.java:60)
	at org.junit.jupiter.engine.execution.InvocationInterceptorChain$ValidatingInvocation.proceed(InvocationInterceptorChain.java:131)
	at org.junit.jupiter.api.extension.InvocationInterceptor.interceptTestMethod(InvocationInterceptor.java:129)
	at org.junit.jupiter.engine.execution.InterceptingExecutableInvoker$ReflectiveInterceptorCall.lambda$ofVoidMethod$0(InterceptingExecutableInvoker.java:112)
	at org.junit.jupiter.engine.execution.InterceptingExecutableInvoker.lambda$invoke$0(InterceptingExecutableInvoker.java:94)
	at org.junit.jupiter.engine.execution.InvocationInterceptorChain$InterceptedInvocation.proceed(InvocationInterceptorChain.java:106)
	at org.junit.jupiter.engine.extension.TimeoutExtension.intercept(TimeoutExtension.java:161)
	at org.junit.jupiter.engine.extension.TimeoutExtension.interceptTestableMethod(TimeoutExtension.java:152)
	at org.junit.jupiter.engine.extension.TimeoutExtension.interceptTestMethod(TimeoutExtension.java:91)
	at org.junit.jupiter.engine.execution.InterceptingExecutableInvoker$ReflectiveInterceptorCall.lambda$ofVoidMethod$0(InterceptingExecutableInvoker.java:112)
	at org.junit.jupiter.engine.execution.InterceptingExecutableInvoker.lambda$invoke$0(InterceptingExecutableInvoker.java:94)
	at org.junit.jupiter.engine.execution.InvocationInterceptorChain$InterceptedInvocation.proceed(InvocationInterceptorChain.java:106)
	at org.junit.jupiter.engine.execution.InvocationInterceptorChain.proceed(InvocationInterceptorChain.java:64)
	at org.junit.jupiter.engine.execution.InvocationInterceptorChain.chainAndInvoke(InvocationInterceptorChain.java:45)
	at org.junit.jupiter.engine.execution.InvocationInterceptorChain.invoke(InvocationInterceptorChain.java:37)
	at org.junit.jupiter.engine.execution.InterceptingExecutableInvoker.invoke(InterceptingExecutableInvoker.java:93)
	at org.junit.jupiter.engine.execution.InterceptingExecutableInvoker.invoke(InterceptingExecutableInvoker.java:87)
	at org.junit.jupiter.engine.descriptor.TestMethodTestDescriptor.lambda$invokeTestMethod$7(TestMethodTestDescriptor.java:216)
	at org.junit.platform.engine.support.hierarchical.ThrowableCollector.execute(ThrowableCollector.java:73)
	at org.junit.jupiter.engine.descriptor.TestMethodTestDescriptor.invokeTestMethod(TestMethodTestDescriptor.java:212)
	at org.junit.jupiter.engine.descriptor.TestMethodTestDescriptor.execute(TestMethodTestDescriptor.java:137)
	at org.junit.jupiter.engine.descriptor.TestMethodTestDescriptor.execute(TestMethodTestDescriptor.java:69)
	at org.junit.platform.engine.support.hierarchical.NodeTestTask.lambda$executeRecursively$6(NodeTestTask.java:156)
	at org.junit.platform.engine.support.hierarchical.ThrowableCollector.execute(ThrowableCollector.java:73)
	at org.junit.platform.engine.support.hierarchical.NodeTestTask.lambda$executeRecursively$8(NodeTestTask.java:146)
	at org.junit.platform.engine.support.hierarchical.Node.around(Node.java:137)
	at org.junit.platform.engine.support.hierarchical.NodeTestTask.lambda$executeRecursively$9(NodeTestTask.java:144)
	at org.junit.platform.engine.support.hierarchical.ThrowableCollector.execute(ThrowableCollector.java:73)
	at org.junit.platform.engine.support.hierarchical.NodeTestTask.executeRecursively(NodeTestTask.java:143)
	at org.junit.platform.engine.support.hierarchical.NodeTestTask.execute(NodeTestTask.java:100)
	at org.junit.platform.engine.support.hierarchical.ForkJoinPoolHierarchicalTestExecutorService$ExclusiveTask.exec(ForkJoinPoolHierarchicalTestExecutorService.java:274)
	at org.junit.platform.engine.support.hierarchical.ForkJoinPoolHierarchicalTestExecutorService$ExclusiveTask.execSync(ForkJoinPoolHierarchicalTestExecutorService.java:247)
	at org.junit.platform.engine.support.hierarchical.ForkJoinPoolHierarchicalTestExecutorService.executeSync(ForkJoinPoolHierarchicalTestExecutorService.java:194)
	at org.junit.platform.engine.support.hierarchical.ForkJoinPoolHierarchicalTestExecutorService.invokeAll(ForkJoinPoolHierarchicalTestExecutorService.java:166)
	at org.junit.platform.engine.support.hierarchical.NodeTestTask.lambda$executeRecursively$6(NodeTestTask.java:160)
	at org.junit.platform.engine.support.hierarchical.ThrowableCollector.execute(ThrowableCollector.java:73)
	at org.junit.platform.engine.support.hierarchical.NodeTestTask.lambda$executeRecursively$8(NodeTestTask.java:146)
	at org.junit.platform.engine.support.hierarchical.Node.around(Node.java:137)
	at org.junit.platform.engine.support.hierarchical.NodeTestTask.lambda$executeRecursively$9(NodeTestTask.java:144)
	at org.junit.platform.engine.support.hierarchical.ThrowableCollector.execute(ThrowableCollector.java:73)
	at org.junit.platform.engine.support.hierarchical.NodeTestTask.executeRecursively(NodeTestTask.java:143)
	at org.junit.platform.engine.support.hierarchical.NodeTestTask.execute(NodeTestTask.java:100)
	at org.junit.platform.engine.support.hierarchical.ForkJoinPoolHierarchicalTestExecutorService$ExclusiveTask.exec(ForkJoinPoolHierarchicalTestExecutorService.java:274)
	at org.junit.platform.engine.support.hierarchical.ForkJoinPoolHierarchicalTestExecutorService$ExclusiveTask.execSync(ForkJoinPoolHierarchicalTestExecutorService.java:247)
	at org.junit.platform.engine.support.hierarchical.ForkJoinPoolHierarchicalTestExecutorService.invokeAll(ForkJoinPoolHierarchicalTestExecutorService.java:159)
	at org.junit.platform.engine.support.hierarchical.NodeTestTask.lambda$executeRecursively$6(NodeTestTask.java:160)
	at org.junit.platform.engine.support.hierarchical.ThrowableCollector.execute(ThrowableCollector.java:73)
	at org.junit.platform.engine.support.hierarchical.NodeTestTask.lambda$executeRecursively$8(NodeTestTask.java:146)
	at org.junit.platform.engine.support.hierarchical.Node.around(Node.java:137)
	at org.junit.platform.engine.support.hierarchical.NodeTestTask.lambda$executeRecursively$9(NodeTestTask.java:144)
	at org.junit.platform.engine.support.hierarchical.ThrowableCollector.execute(ThrowableCollector.java:73)
	at org.junit.platform.engine.support.hierarchical.NodeTestTask.executeRecursively(NodeTestTask.java:143)
	at org.junit.platform.engine.support.hierarchical.NodeTestTask.execute(NodeTestTask.java:100)
	at org.junit.platform.engine.support.hierarchical.ForkJoinPoolHierarchicalTestExecutorService$ExclusiveTask.exec(ForkJoinPoolHierarchicalTestExecutorService.java:274)
	at java.base/java.util.concurrent.ForkJoinTask.doExec(ForkJoinTask.java:387)
	at java.base/java.util.concurrent.ForkJoinPool$WorkQueue.topLevelExec(ForkJoinPool.java:1312)
	at java.base/java.util.concurrent.ForkJoinPool.scan(ForkJoinPool.java:1843)
	at java.base/java.util.concurrent.ForkJoinPool.runWorker(ForkJoinPool.java:1808)
	at java.base/java.util.concurrent.ForkJoinWorkerThread.run(ForkJoinWorkerThread.java:188)
Caused by: java.util.concurrent.TimeoutException: Timeout
	at com.service.buffer.BufferServiceImplLondonTest.shouldThrowExceptionWhenDeviceServiceTimeout(BufferServiceImplLondonTest.java:447)
	... 63 common frames omitted
00:29:21.996 [ForkJoinPool-1-worker-1] INFO com.service.buffer.BufferServiceImpl -- Deleted buffers for connection scheme: 423e4567-e89b-12d3-a456-426614174003
00:29:22.007 [ForkJoinPool-1-worker-1] INFO com.service.buffer.BufferServiceImpl -- Deleted buffers for connection scheme: 423e4567-e89b-12d3-a456-426614174003
]]></system-out>
  <system-err><![CDATA[Mockito is currently self-attaching to enable the inline-mock-maker. This will no longer work in future releases of the JDK. Please add Mockito as an agent to your build as described in Mockito's documentation: https://javadoc.io/doc/org.mockito/mockito-core/latest/org.mockito/org/mockito/Mockito.html#0.3
WARNING: A Java agent has been loaded dynamically (/home/yurik/.gradle/caches/modules-2/files-2.1/net.bytebuddy/byte-buddy-agent/1.17.7/fbf3d6d649ed37fc9e9c59480a05be0a26e3c2da/byte-buddy-agent-1.17.7.jar)
WARNING: If a serviceability tool is in use, please run with -XX:+EnableDynamicAgentLoading to hide this warning
WARNING: If a serviceability tool is not in use, please run with -Djdk.instrument.traceUsage for more information
WARNING: Dynamic loading of agents will be disallowed by default in a future release
]]></system-err>
</testsuite>
