<?xml version="1.0" encoding="UTF-8"?>
<testsuite name="Buffer Json Data Validator Tests" tests="17" skipped="0" failures="0" errors="0" timestamp="2025-09-19T19:38:00.228Z" hostname="Yurik" time="0.025">
  <properties/>
  <testcase name="Validate BufferJsonDataBLM with null fields - Negative" classname="com.connection.processing.buffer.objects.json.validator.BufferJsonDataValidatorTest" time="0.001"/>
  <testcase name="Validate BufferJsonDataDTO with array JSON - Negative" classname="com.connection.processing.buffer.objects.json.validator.BufferJsonDataValidatorTest" time="0.001"/>
  <testcase name="Validate BufferJsonDataDTO with empty data - Negative" classname="com.connection.processing.buffer.objects.json.validator.BufferJsonDataValidatorTest" time="0.0"/>
  <testcase name="Validate BufferJsonDataDTO with future timestamp - Negative" classname="com.connection.processing.buffer.objects.json.validator.BufferJsonDataValidatorTest" time="0.001"/>
  <testcase name="Validate BufferJsonDataDTO with invalid JSON - Negative" classname="com.connection.processing.buffer.objects.json.validator.BufferJsonDataValidatorTest" time="0.001"/>
  <testcase name="Validate BufferJsonDataDTO with invalid UID - Negative" classname="com.connection.processing.buffer.objects.json.validator.BufferJsonDataValidatorTest" time="0.0"/>
  <testcase name="Validate BufferJsonDataDTO with minimal valid JSON - Positive" classname="com.connection.processing.buffer.objects.json.validator.BufferJsonDataValidatorTest" time="0.001"/>
  <testcase name="Validate BufferJsonDataDTO with null UID - Negative" classname="com.connection.processing.buffer.objects.json.validator.BufferJsonDataValidatorTest" time="0.0"/>
  <testcase name="Validate BufferJsonDataDTO with null data - Negative" classname="com.connection.processing.buffer.objects.json.validator.BufferJsonDataValidatorTest" time="0.0"/>
  <testcase name="Validate BufferJsonDataDTO with null timestamp - Negative" classname="com.connection.processing.buffer.objects.json.validator.BufferJsonDataValidatorTest" time="0.001"/>
  <testcase name="Validate BufferJsonDataDTO with valid complex JSON - Positive" classname="com.connection.processing.buffer.objects.json.validator.BufferJsonDataValidatorTest" time="0.0"/>
  <testcase name="Validate BufferJsonDataDTO with whitespace JSON - Negative" classname="com.connection.processing.buffer.objects.json.validator.BufferJsonDataValidatorTest" time="0.001"/>
  <testcase name="Validate null BufferJsonDataBLM - Negative" classname="com.connection.processing.buffer.objects.json.validator.BufferJsonDataValidatorTest" time="0.0"/>
  <testcase name="Validate null BufferJsonDataDTO - Negative" classname="com.connection.processing.buffer.objects.json.validator.BufferJsonDataValidatorTest" time="0.0"/>
  <testcase name="Validate valid BufferJsonDataBLM - Positive" classname="com.connection.processing.buffer.objects.json.validator.BufferJsonDataValidatorTest" time="0.001"/>
  <testcase name="Validate valid BufferJsonDataDALM - Positive" classname="com.connection.processing.buffer.objects.json.validator.BufferJsonDataValidatorTest" time="0.001"/>
  <testcase name="Validate valid BufferJsonDataDTO - Positive" classname="com.connection.processing.buffer.objects.json.validator.BufferJsonDataValidatorTest" time="0.0"/>
  <system-out><![CDATA[]]></system-out>
  <system-err><![CDATA[]]></system-err>
</testsuite>
