<?xml version="1.0" encoding="UTF-8"?>
<testsuite name="Buffer Repository Tests - SQL implementation tests" tests="15" skipped="0" failures="0" errors="0" timestamp="2025-10-19T22:51:55.263Z" hostname="Yurik" time="1.37">
  <properties/>
  <testcase name="Add buffer - Positive" classname="com.connection.processing.buffer.repository.BufferRepositorySQLImplTest" time="1.283"/>
  <testcase name="Add buffer to connection scheme - Positive" classname="com.connection.processing.buffer.repository.BufferRepositorySQLImplTest" time="0.005"/>
  <testcase name="Add existing buffer - Negative" classname="com.connection.processing.buffer.repository.BufferRepositorySQLImplTest" time="0.003"/>
  <testcase name="Check buffer exists - Negative" classname="com.connection.processing.buffer.repository.BufferRepositorySQLImplTest" time="0.001"/>
  <testcase name="Check buffer exists - Positive" classname="com.connection.processing.buffer.repository.BufferRepositorySQLImplTest" time="0.002"/>
  <testcase name="Delete buffer - Positive" classname="com.connection.processing.buffer.repository.BufferRepositorySQLImplTest" time="0.003"/>
  <testcase name="Delete buffers by device UID - Positive" classname="com.connection.processing.buffer.repository.BufferRepositorySQLImplTest" time="0.003"/>
  <testcase name="Delete non-existent buffer - Negative" classname="com.connection.processing.buffer.repository.BufferRepositorySQLImplTest" time="0.002"/>
  <testcase name="Find buffer by UID - Positive" classname="com.connection.processing.buffer.repository.BufferRepositorySQLImplTest" time="0.002"/>
  <testcase name="Find buffers by connection scheme UID - Positive" classname="com.connection.processing.buffer.repository.BufferRepositorySQLImplTest" time="0.031"/>
  <testcase name="Find buffers by device UID - Positive" classname="com.connection.processing.buffer.repository.BufferRepositorySQLImplTest" time="0.003"/>
  <testcase name="Find non-existent buffer by UID - Negative" classname="com.connection.processing.buffer.repository.BufferRepositorySQLImplTest" time="0.002"/>
  <testcase name="Remove buffer from connection scheme - Positive" classname="com.connection.processing.buffer.repository.BufferRepositorySQLImplTest" time="0.002"/>
  <testcase name="Update buffer - Positive" classname="com.connection.processing.buffer.repository.BufferRepositorySQLImplTest" time="0.002"/>
  <testcase name="Update non-existent buffer - Negative" classname="com.connection.processing.buffer.repository.BufferRepositorySQLImplTest" time="0.002"/>
  <system-out><![CDATA[]]></system-out>
  <system-err><![CDATA[Mockito is currently self-attaching to enable the inline-mock-maker. This will no longer work in future releases of the JDK. Please add Mockito as an agent to your build as described in Mockito's documentation: https://javadoc.io/doc/org.mockito/mockito-core/latest/org.mockito/org/mockito/Mockito.html#0.3
WARNING: A Java agent has been loaded dynamically (/home/yurik/.gradle/caches/modules-2/files-2.1/net.bytebuddy/byte-buddy-agent/1.17.7/fbf3d6d649ed37fc9e9c59480a05be0a26e3c2da/byte-buddy-agent-1.17.7.jar)
WARNING: If a serviceability tool is in use, please run with -XX:+EnableDynamicAgentLoading to hide this warning
WARNING: If a serviceability tool is not in use, please run with -Djdk.instrument.traceUsage for more information
WARNING: Dynamic loading of agents will be disallowed by default in a future release
]]></system-err>
</testsuite>
