<?xml version="1.0" encoding="UTF-8"?>
<testsuite name="BufferDevice Exception Tests" tests="5" skipped="0" failures="0" errors="0" timestamp="2025-09-19T23:07:29.418Z" hostname="Yurik" time="0.015">
  <properties/>
  <testcase name="BaseBufferDeviceException toString format" classname="com.connection.processing.buffer.bufferdevice.exception.BufferDeviceExceptionTest" time="0.002"/>
  <testcase name="BufferDeviceAlreadyExistsException toString format" classname="com.connection.processing.buffer.bufferdevice.exception.BufferDeviceExceptionTest" time="0.001"/>
  <testcase name="BufferDeviceNotFoundException toString format" classname="com.connection.processing.buffer.bufferdevice.exception.BufferDeviceExceptionTest" time="0.0"/>
  <testcase name="BufferDeviceValidateException toString format" classname="com.connection.processing.buffer.bufferdevice.exception.BufferDeviceExceptionTest" time="0.001"/>
  <testcase name="Exception inheritance hierarchy" classname="com.connection.processing.buffer.bufferdevice.exception.BufferDeviceExceptionTest" time="0.003"/>
  <system-out><![CDATA[]]></system-out>
  <system-err><![CDATA[]]></system-err>
</testsuite>
