<?xml version="1.0" encoding="UTF-8"?>
<testsuite name="BufferDevice Converter Tests" tests="6" skipped="0" failures="0" errors="0" timestamp="2025-09-19T00:07:04.338Z" hostname="Yurik" time="0.385">
  <properties/>
  <testcase name="Convert BLM to DALM - Positive" classname="com.connection.processing.buffer.bufferdevice.converter.BufferDeviceConverterTest" time="0.275"/>
  <testcase name="Convert BLM to DTO - Positive" classname="com.connection.processing.buffer.bufferdevice.converter.BufferDeviceConverterTest" time="0.004"/>
  <testcase name="Convert DALM to BLM - Positive" classname="com.connection.processing.buffer.bufferdevice.converter.BufferDeviceConverterTest" time="0.002"/>
  <testcase name="Convert DTO to BLM - Positive" classname="com.connection.processing.buffer.bufferdevice.converter.BufferDeviceConverterTest" time="0.002"/>
  <testcase name="Round-trip conversion DALM -&gt; BLM -&gt; DALM" classname="com.connection.processing.buffer.bufferdevice.converter.BufferDeviceConverterTest" time="0.001"/>
  <testcase name="Round-trip conversion DTO -&gt; BLM -&gt; DTO" classname="com.connection.processing.buffer.bufferdevice.converter.BufferDeviceConverterTest" time="0.001"/>
  <system-out><![CDATA[]]></system-out>
  <system-err><![CDATA[]]></system-err>
</testsuite>
