<?xml version="1.0" encoding="UTF-8"?>
<testsuite name="Buffer Exception Tests" tests="5" skipped="0" failures="0" errors="0" timestamp="2025-10-19T22:51:54.988Z" hostname="Yurik" time="0.012">
  <properties/>
  <testcase name="BaseBufferException toString format" classname="com.connection.processing.buffer.exception.BufferExceptionTest" time="0.004"/>
  <testcase name="BufferAlreadyExistsException toString format" classname="com.connection.processing.buffer.exception.BufferExceptionTest" time="0.001"/>
  <testcase name="BufferNotFoundException toString format" classname="com.connection.processing.buffer.exception.BufferExceptionTest" time="0.0"/>
  <testcase name="BufferValidateException toString format" classname="com.connection.processing.buffer.exception.BufferExceptionTest" time="0.001"/>
  <testcase name="Exception inheritance hierarchy" classname="com.connection.processing.buffer.exception.BufferExceptionTest" time="0.002"/>
  <system-out><![CDATA[]]></system-out>
  <system-err><![CDATA[]]></system-err>
</testsuite>
