<?xml version="1.0" encoding="UTF-8"?>
<testsuite name="Message Repository Tests - SQL implementation tests" tests="12" skipped="0" failures="0" errors="0" timestamp="2025-10-20T00:53:16.860Z" hostname="Yurik" time="1.174">
  <properties/>
  <testcase name="Add message - Positive" classname="com.connection.message.repository.MessageRepositorySQLImplTest" time="1.094"/>
  <testcase name="Add message with exception - Negative" classname="com.connection.message.repository.MessageRepositorySQLImplTest" time="0.006"/>
  <testcase name="Delete message by UID - Positive" classname="com.connection.message.repository.MessageRepositorySQLImplTest" time="0.004"/>
  <testcase name="Delete messages by buffer UID - Positive" classname="com.connection.message.repository.MessageRepositorySQLImplTest" time="0.003"/>
  <testcase name="Delete messages by non-existent buffer UID - Negative" classname="com.connection.message.repository.MessageRepositorySQLImplTest" time="0.002"/>
  <testcase name="Delete non-existent message by UID - Negative" classname="com.connection.message.repository.MessageRepositorySQLImplTest" time="0.004"/>
  <testcase name="Find message by UID - Positive" classname="com.connection.message.repository.MessageRepositorySQLImplTest" time="0.002"/>
  <testcase name="Find messages by buffer UID - Positive" classname="com.connection.message.repository.MessageRepositorySQLImplTest" time="0.029"/>
  <testcase name="Find messages by buffer UID and time range - Positive" classname="com.connection.message.repository.MessageRepositorySQLImplTest" time="0.003"/>
  <testcase name="Find no messages by buffer UID - Negative" classname="com.connection.message.repository.MessageRepositorySQLImplTest" time="0.002"/>
  <testcase name="Find no messages by buffer UID and time range - Negative" classname="com.connection.message.repository.MessageRepositorySQLImplTest" time="0.002"/>
  <testcase name="Find non-existent message by UID - Negative" classname="com.connection.message.repository.MessageRepositorySQLImplTest" time="0.002"/>
  <system-out><![CDATA[]]></system-out>
  <system-err><![CDATA[Mockito is currently self-attaching to enable the inline-mock-maker. This will no longer work in future releases of the JDK. Please add Mockito as an agent to your build as described in Mockito's documentation: https://javadoc.io/doc/org.mockito/mockito-core/latest/org.mockito/org/mockito/Mockito.html#0.3
WARNING: A Java agent has been loaded dynamically (/home/yurik/.gradle/caches/modules-2/files-2.1/net.bytebuddy/byte-buddy-agent/1.17.7/fbf3d6d649ed37fc9e9c59480a05be0a26e3c2da/byte-buddy-agent-1.17.7.jar)
WARNING: If a serviceability tool is in use, please run with -XX:+EnableDynamicAgentLoading to hide this warning
WARNING: If a serviceability tool is not in use, please run with -Djdk.instrument.traceUsage for more information
WARNING: Dynamic loading of agents will be disallowed by default in a future release
]]></system-err>
</testsuite>
