<?xml version="1.0" encoding="UTF-8"?>
<testsuite name="Message Validator Tests" tests="14" skipped="0" failures="0" errors="0" timestamp="2025-10-20T00:53:18.038Z" hostname="Yurik" time="0.023">
  <properties/>
  <testcase name="Validate MessageDTO with empty content - Negative" classname="com.connection.message.validator.MessageValidatorTest" time="0.001"/>
  <testcase name="Validate MessageDTO with future date - Negative" classname="com.connection.message.validator.MessageValidatorTest" time="0.0"/>
  <testcase name="Validate MessageDTO with invalid content - Negative" classname="com.connection.message.validator.MessageValidatorTest" time="0.0"/>
  <testcase name="Validate MessageDTO with long content - Negative" classname="com.connection.message.validator.MessageValidatorTest" time="0.0"/>
  <testcase name="Validate MessageDTO with long content type - Negative" classname="com.connection.message.validator.MessageValidatorTest" time="0.001"/>
  <testcase name="Validate MessageDTO with null buffer UID - Negative" classname="com.connection.message.validator.MessageValidatorTest" time="0.0"/>
  <testcase name="Validate MessageDTO with null content type - Negative" classname="com.connection.message.validator.MessageValidatorTest" time="0.001"/>
  <testcase name="Validate MessageDTO with null created at - Negative" classname="com.connection.message.validator.MessageValidatorTest" time="0.001"/>
  <testcase name="Validate MessageDTO with null fields - Negative" classname="com.connection.message.validator.MessageValidatorTest" time="0.0"/>
  <testcase name="Validate null MessageBLM - Negative" classname="com.connection.message.validator.MessageValidatorTest" time="0.001"/>
  <testcase name="Validate null MessageDTO - Negative" classname="com.connection.message.validator.MessageValidatorTest" time="0.001"/>
  <testcase name="Validate valid MessageBLM - Positive" classname="com.connection.message.validator.MessageValidatorTest" time="0.0"/>
  <testcase name="Validate valid MessageDALM - Positive" classname="com.connection.message.validator.MessageValidatorTest" time="0.0"/>
  <testcase name="Validate valid MessageDTO - Positive" classname="com.connection.message.validator.MessageValidatorTest" time="0.0"/>
  <system-out><![CDATA[]]></system-out>
  <system-err><![CDATA[]]></system-err>
</testsuite>
