<?xml version="1.0" encoding="UTF-8"?>
<testsuite name="Message Converter Tests" tests="6" skipped="0" failures="0" errors="0" timestamp="2025-10-20T00:53:16.315Z" hostname="Yurik" time="0.329">
  <properties/>
  <testcase name="Convert BLM to DALM - Positive" classname="com.connection.message.converter.MessageConverterTest" time="0.247"/>
  <testcase name="Convert BLM to DTO - Positive" classname="com.connection.message.converter.MessageConverterTest" time="0.001"/>
  <testcase name="Convert DALM to BLM - Positive" classname="com.connection.message.converter.MessageConverterTest" time="0.001"/>
  <testcase name="Convert DTO to BLM - Positive" classname="com.connection.message.converter.MessageConverterTest" time="0.002"/>
  <testcase name="Round-trip conversion DALM -&gt; BLM -&gt; DALM" classname="com.connection.message.converter.MessageConverterTest" time="0.001"/>
  <testcase name="Round-trip conversion DTO -&gt; BLM -&gt; DTO" classname="com.connection.message.converter.MessageConverterTest" time="0.001"/>
  <system-out><![CDATA[]]></system-out>
  <system-err><![CDATA[]]></system-err>
</testsuite>
