<?xml version="1.0" encoding="UTF-8"?>
<testsuite name="Device Token Validator Tests" tests="9" skipped="0" failures="0" errors="0" timestamp="2025-10-20T00:42:34.387Z" hostname="Yurik" time="0.015">
  <properties/>
  <testcase name="Validate DeviceTokenBLM with expired token - Negative" classname="com.connection.device.token.validator.DeviceTokenValidatorTest" time="0.001"/>
  <testcase name="Validate DeviceTokenBLM with future creation date - Negative" classname="com.connection.device.token.validator.DeviceTokenValidatorTest" time="0.001"/>
  <testcase name="Validate DeviceTokenBLM with long token - Negative" classname="com.connection.device.token.validator.DeviceTokenValidatorTest" time="0.001"/>
  <testcase name="Validate DeviceTokenDALM with null UID - Negative" classname="com.connection.device.token.validator.DeviceTokenValidatorTest" time="0.001"/>
  <testcase name="Validate DeviceTokenDTO with empty token - Negative" classname="com.connection.device.token.validator.DeviceTokenValidatorTest" time="0.001"/>
  <testcase name="Validate null DeviceTokenDTO - Negative" classname="com.connection.device.token.validator.DeviceTokenValidatorTest" time="0.001"/>
  <testcase name="Validate valid DeviceTokenBLM - Positive" classname="com.connection.device.token.validator.DeviceTokenValidatorTest" time="0.0"/>
  <testcase name="Validate valid DeviceTokenDALM - Positive" classname="com.connection.device.token.validator.DeviceTokenValidatorTest" time="0.001"/>
  <testcase name="Validate valid DeviceTokenDTO - Positive" classname="com.connection.device.token.validator.DeviceTokenValidatorTest" time="0.0"/>
  <system-out><![CDATA[]]></system-out>
  <system-err><![CDATA[]]></system-err>
</testsuite>
