<?xml version="1.0" encoding="UTF-8"?>
<testsuite name="Device Token Converter Tests" tests="5" skipped="0" failures="0" errors="0" timestamp="2025-10-09T10:22:17.691Z" hostname="Yurik" time="0.059">
  <properties/>
  <testcase name="Convert BLM to DALM - Positive" classname="com.connection.device.token.converter.DeviceTokenConverterTest" time="0.036"/>
  <testcase name="Convert BLM to DTO - Positive" classname="com.connection.device.token.converter.DeviceTokenConverterTest" time="0.004"/>
  <testcase name="Convert DALM to BLM - Positive" classname="com.connection.device.token.converter.DeviceTokenConverterTest" time="0.003"/>
  <testcase name="Convert DTO to BLM - Positive" classname="com.connection.device.token.converter.DeviceTokenConverterTest" time="0.002"/>
  <testcase name="Convert DTO to BLM with invalid token - Negative" classname="com.connection.device.token.converter.DeviceTokenConverterTest" time="0.002"/>
  <system-out><![CDATA[]]></system-out>
  <system-err><![CDATA[]]></system-err>
</testsuite>
