<?xml version="1.0" encoding="UTF-8"?>
<testsuite name="Device Token Repository Tests" tests="4" skipped="0" failures="0" errors="0" timestamp="2025-10-20T00:42:34.329Z" hostname="Yurik" time="0.036">
  <properties/>
  <testcase name="Add device token - Positive" classname="com.connection.device.token.repository.DeviceTokenRepositorySQLImplTest" time="0.02"/>
  <testcase name="Add existing device token - Negative" classname="com.connection.device.token.repository.DeviceTokenRepositorySQLImplTest" time="0.003"/>
  <testcase name="Find non-existent device token by UID - Negative" classname="com.connection.device.token.repository.DeviceTokenRepositorySQLImplTest" time="0.003"/>
  <testcase name="Revoke device token - Positive" classname="com.connection.device.token.repository.DeviceTokenRepositorySQLImplTest" time="0.003"/>
  <system-out><![CDATA[]]></system-out>
  <system-err><![CDATA[]]></system-err>
</testsuite>
