<?xml version="1.0" encoding="UTF-8"?>
<testsuite name="Device Access Token Converter Tests" tests="3" skipped="0" failures="0" errors="0" timestamp="2025-10-20T00:42:30.994Z" hostname="Yurik" time="2.075">
  <properties/>
  <testcase name="Convert BLM to DALM - Positive" classname="com.connection.device.token.converter.DeviceAccessTokenConverterTest" time="1.879"/>
  <testcase name="Convert BLM to DTO - Positive" classname="com.connection.device.token.converter.DeviceAccessTokenConverterTest" time="0.003"/>
  <testcase name="Convert DTO to BLM - Positive" classname="com.connection.device.token.converter.DeviceAccessTokenConverterTest" time="0.039"/>
  <system-out><![CDATA[]]></system-out>
  <system-err><![CDATA[Mockito is currently self-attaching to enable the inline-mock-maker. This will no longer work in future releases of the JDK. Please add Mockito as an agent to your build as described in Mockito's documentation: https://javadoc.io/doc/org.mockito/mockito-core/latest/org.mockito/org/mockito/Mockito.html#0.3
WARNING: A Java agent has been loaded dynamically (/home/yurik/.gradle/caches/modules-2/files-2.1/net.bytebuddy/byte-buddy-agent/1.17.5/58f9507f5f28d1d3e7adfb4ec2fe37c29d332c9b/byte-buddy-agent-1.17.5.jar)
WARNING: If a serviceability tool is in use, please run with -XX:+EnableDynamicAgentLoading to hide this warning
WARNING: If a serviceability tool is not in use, please run with -Djdk.instrument.traceUsage for more information
WARNING: Dynamic loading of agents will be disallowed by default in a future release
]]></system-err>
</testsuite>
