<?xml version="1.0" encoding="UTF-8"?>
<testsuite name="Device Access Token Repository Tests" tests="8" skipped="0" failures="0" errors="0" timestamp="2025-10-20T00:42:33.998Z" hostname="Yurik" time="0.315">
  <properties/>
  <testcase name="Add device access token - Positive" classname="com.connection.device.token.repository.DeviceAccessTokenRepositorySQLImplTest" time="0.29"/>
  <testcase name="Add existing device access token - Negative" classname="com.connection.device.token.repository.DeviceAccessTokenRepositorySQLImplTest" time="0.003"/>
  <testcase name="Check has device access token - Positive" classname="com.connection.device.token.repository.DeviceAccessTokenRepositorySQLImplTest" time="0.002"/>
  <testcase name="Find device access token by UID - Positive" classname="com.connection.device.token.repository.DeviceAccessTokenRepositorySQLImplTest" time="0.002"/>
  <testcase name="Find device access token by device token UID - Positive" classname="com.connection.device.token.repository.DeviceAccessTokenRepositorySQLImplTest" time="0.002"/>
  <testcase name="Find device access token by token - Positive" classname="com.connection.device.token.repository.DeviceAccessTokenRepositorySQLImplTest" time="0.003"/>
  <testcase name="Find non-existent device access token by UID - Negative" classname="com.connection.device.token.repository.DeviceAccessTokenRepositorySQLImplTest" time="0.003"/>
  <testcase name="Revoke device access token - Positive" classname="com.connection.device.token.repository.DeviceAccessTokenRepositorySQLImplTest" time="0.002"/>
  <system-out><![CDATA[]]></system-out>
  <system-err><![CDATA[]]></system-err>
</testsuite>
