<?xml version="1.0" encoding="UTF-8"?>
<testsuite name="Device Access Token Generator Tests" tests="9" skipped="0" failures="0" errors="0" timestamp="2025-10-20T00:42:33.126Z" hostname="Yurik" time="0.654">
  <properties/>
  <testcase name="Compare device token and device access token structure" classname="com.connection.device.token.generator.DeviceAccessTokenGeneratorTest" time="0.626"/>
  <testcase name="Generate and parse round trip - Positive" classname="com.connection.device.token.generator.DeviceAccessTokenGeneratorTest" time="0.002"/>
  <testcase name="Generate device access token - Positive" classname="com.connection.device.token.generator.DeviceAccessTokenGeneratorTest" time="0.001"/>
  <testcase name="Generate token with expired date - Negative" classname="com.connection.device.token.generator.DeviceAccessTokenGeneratorTest" time="0.003"/>
  <testcase name="Generate token with future creation date - Positive" classname="com.connection.device.token.generator.DeviceAccessTokenGeneratorTest" time="0.001"/>
  <testcase name="Parse device access token with wrong subject - Negative" classname="com.connection.device.token.generator.DeviceAccessTokenGeneratorTest" time="0.001"/>
  <testcase name="Parse device access token with wrong type - Negative" classname="com.connection.device.token.generator.DeviceAccessTokenGeneratorTest" time="0.001"/>
  <testcase name="Parse invalid device access token - Negative" classname="com.connection.device.token.generator.DeviceAccessTokenGeneratorTest" time="0.003"/>
  <testcase name="Parse valid device access token - Positive" classname="com.connection.device.token.generator.DeviceAccessTokenGeneratorTest" time="0.002"/>
  <system-out><![CDATA[]]></system-out>
  <system-err><![CDATA[]]></system-err>
</testsuite>
