<?xml version="1.0" encoding="UTF-8"?>
<testsuite name="Device Access Token Converter Tests" tests="4" skipped="0" failures="0" errors="0" timestamp="2025-10-09T10:22:17.572Z" hostname="Yurik" time="0.113">
  <properties/>
  <testcase name="Convert BLM to DALM - Positive" classname="com.connection.device.token.converter.DeviceAccessTokenConverterTest" time="0.096"/>
  <testcase name="Convert BLM to DTO - Positive" classname="com.connection.device.token.converter.DeviceAccessTokenConverterTest" time="0.003"/>
  <testcase name="Convert DALM to BLM - Positive" classname="com.connection.device.token.converter.DeviceAccessTokenConverterTest" time="0.005"/>
  <testcase name="Convert DTO to BLM - Positive" classname="com.connection.device.token.converter.DeviceAccessTokenConverterTest" time="0.001"/>
  <system-out><![CDATA[]]></system-out>
  <system-err><![CDATA[]]></system-err>
</testsuite>
