<?xml version="1.0" encoding="UTF-8"?>
<testsuite name="Access Token Validator Tests" tests="11" skipped="0" failures="0" errors="0" timestamp="2025-09-20T07:27:59.394Z" hostname="Yurik" time="0.016">
  <properties/>
  <testcase name="Validate AccessTokenBLM with expired token - Negative" classname="com.connection.token.validator.AccessTokenValidatorTest" time="0.0"/>
  <testcase name="Validate AccessTokenBLM with future created date - Negative" classname="com.connection.token.validator.AccessTokenValidatorTest" time="0.001"/>
  <testcase name="Validate AccessTokenDALM with expired token - Negative" classname="com.connection.token.validator.AccessTokenValidatorTest" time="0.001"/>
  <testcase name="Validate AccessTokenDALM with null client UID - Negative" classname="com.connection.token.validator.AccessTokenValidatorTest" time="0.0"/>
  <testcase name="Validate AccessTokenDTO with empty token - Negative" classname="com.connection.token.validator.AccessTokenValidatorTest" time="0.001"/>
  <testcase name="Validate null AccessTokenBLM - Negative" classname="com.connection.token.validator.AccessTokenValidatorTest" time="0.0"/>
  <testcase name="Validate null AccessTokenDALM - Negative" classname="com.connection.token.validator.AccessTokenValidatorTest" time="0.001"/>
  <testcase name="Validate null AccessTokenDTO - Negative" classname="com.connection.token.validator.AccessTokenValidatorTest" time="0.0"/>
  <testcase name="Validate valid AccessTokenBLM - Positive" classname="com.connection.token.validator.AccessTokenValidatorTest" time="0.001"/>
  <testcase name="Validate valid AccessTokenDALM - Positive" classname="com.connection.token.validator.AccessTokenValidatorTest" time="0.0"/>
  <testcase name="Validate valid AccessTokenDTO - Positive" classname="com.connection.token.validator.AccessTokenValidatorTest" time="0.001"/>
  <system-out><![CDATA[]]></system-out>
  <system-err><![CDATA[]]></system-err>
</testsuite>
