<?xml version="1.0" encoding="UTF-8"?>
<testsuite name="Access Token Converter Tests" tests="4" skipped="0" failures="0" errors="0" timestamp="2025-09-20T07:27:55.676Z" hostname="Yurik" time="2.062">
  <properties/>
  <testcase name="Convert BLM to DALM - Positive" classname="com.connection.token.converter.AccessTokenConverterTest" time="1.882"/>
  <testcase name="Convert BLM to DTO - Positive" classname="com.connection.token.converter.AccessTokenConverterTest" time="0.007"/>
  <testcase name="Convert DALM to BLM - Positive" classname="com.connection.token.converter.AccessTokenConverterTest" time="0.008"/>
  <testcase name="Convert DTO to BLM - Positive" classname="com.connection.token.converter.AccessTokenConverterTest" time="0.003"/>
  <system-out><![CDATA[]]></system-out>
  <system-err><![CDATA[Mockito is currently self-attaching to enable the inline-mock-maker. This will no longer work in future releases of the JDK. Please add Mockito as an agent to your build as described in Mockito's documentation: https://javadoc.io/doc/org.mockito/mockito-core/latest/org.mockito/org/mockito/Mockito.html#0.3
WARNING: A Java agent has been loaded dynamically (/home/yurik/.gradle/caches/modules-2/files-2.1/net.bytebuddy/byte-buddy-agent/1.17.5/58f9507f5f28d1d3e7adfb4ec2fe37c29d332c9b/byte-buddy-agent-1.17.5.jar)
WARNING: If a serviceability tool is in use, please run with -XX:+EnableDynamicAgentLoading to hide this warning
WARNING: If a serviceability tool is not in use, please run with -Djdk.instrument.traceUsage for more information
WARNING: Dynamic loading of agents will be disallowed by default in a future release
]]></system-err>
</testsuite>
