<?xml version="1.0" encoding="UTF-8"?>
<testsuite name="Refresh Token Converter Tests" tests="4" skipped="0" failures="0" errors="0" timestamp="2025-10-02T21:37:38.167Z" hostname="Yurik" time="0.026">
  <properties/>
  <testcase name="Convert BLM to DALM - Positive" classname="com.connection.token.converter.RefreshTokenConverterTest" time="0.018"/>
  <testcase name="Convert BLM to DTO - Positive" classname="com.connection.token.converter.RefreshTokenConverterTest" time="0.001"/>
  <testcase name="Convert DALM to BLM - Positive" classname="com.connection.token.converter.RefreshTokenConverterTest" time="0.001"/>
  <testcase name="Convert DTO to BLM - Positive" classname="com.connection.token.converter.RefreshTokenConverterTest" time="0.001"/>
  <system-out><![CDATA[]]></system-out>
  <system-err><![CDATA[]]></system-err>
</testsuite>
