<?xml version="1.0" encoding="UTF-8"?>
<testsuite name="Refresh Token Validator Tests" tests="11" skipped="0" failures="0" errors="0" timestamp="2025-09-19T23:14:19.215Z" hostname="Yurik" time="0.019">
  <properties/>
  <testcase name="Validate RefreshTokenBLM with expired token - Negative" classname="com.connection.token.validator.RefreshTokenValidatorTest" time="0.001"/>
  <testcase name="Validate RefreshTokenBLM with null fields - Negative" classname="com.connection.token.validator.RefreshTokenValidatorTest" time="0.001"/>
  <testcase name="Validate RefreshTokenDALM with future created date - Negative" classname="com.connection.token.validator.RefreshTokenValidatorTest" time="0.001"/>
  <testcase name="Validate RefreshTokenDALM with null fields - Negative" classname="com.connection.token.validator.RefreshTokenValidatorTest" time="0.001"/>
  <testcase name="Validate RefreshTokenDTO with empty token - Negative" classname="com.connection.token.validator.RefreshTokenValidatorTest" time="0.001"/>
  <testcase name="Validate null RefreshTokenBLM - Negative" classname="com.connection.token.validator.RefreshTokenValidatorTest" time="0.001"/>
  <testcase name="Validate null RefreshTokenDALM - Negative" classname="com.connection.token.validator.RefreshTokenValidatorTest" time="0.001"/>
  <testcase name="Validate null RefreshTokenDTO - Negative" classname="com.connection.token.validator.RefreshTokenValidatorTest" time="0.001"/>
  <testcase name="Validate valid RefreshTokenBLM - Positive" classname="com.connection.token.validator.RefreshTokenValidatorTest" time="0.0"/>
  <testcase name="Validate valid RefreshTokenDALM - Positive" classname="com.connection.token.validator.RefreshTokenValidatorTest" time="0.001"/>
  <testcase name="Validate valid RefreshTokenDTO - Positive" classname="com.connection.token.validator.RefreshTokenValidatorTest" time="0.0"/>
  <system-out><![CDATA[]]></system-out>
  <system-err><![CDATA[]]></system-err>
</testsuite>
