<?xml version="1.0" encoding="UTF-8"?>
<testsuite name="Connection Scheme Exception Tests" tests="5" skipped="0" failures="0" errors="0" timestamp="2025-09-29T22:54:31.156Z" hostname="Yurik" time="0.011">
  <properties/>
  <testcase name="BaseConnectionSchemeException toString format" classname="com.connection.scheme.exception.ConnectionSchemeExceptionTest" time="0.002"/>
  <testcase name="ConnectionSchemeAlreadyExistsException toString format" classname="com.connection.scheme.exception.ConnectionSchemeExceptionTest" time="0.001"/>
  <testcase name="ConnectionSchemeNotFoundException toString format" classname="com.connection.scheme.exception.ConnectionSchemeExceptionTest" time="0.0"/>
  <testcase name="ConnectionSchemeValidateException toString format" classname="com.connection.scheme.exception.ConnectionSchemeExceptionTest" time="0.0"/>
  <testcase name="Exception inheritance hierarchy" classname="com.connection.scheme.exception.ConnectionSchemeExceptionTest" time="0.001"/>
  <system-out><![CDATA[]]></system-out>
  <system-err><![CDATA[]]></system-err>
</testsuite>
