<?xml version="1.0" encoding="UTF-8"?>
<testsuite name="Connection Scheme Converter Tests" tests="8" skipped="0" failures="0" errors="0" timestamp="2025-09-29T22:54:30.257Z" hostname="Yurik" time="0.896">
  <properties/>
  <testcase name="Convert BLM to DALM - Positive" classname="com.connection.scheme.converter.ConnectionSchemeConverterTest" time="0.719"/>
  <testcase name="Convert BLM to DTO - Positive" classname="com.connection.scheme.converter.ConnectionSchemeConverterTest" time="0.002"/>
  <testcase name="Convert DALM to BLM - Positive" classname="com.connection.scheme.converter.ConnectionSchemeConverterTest" time="0.079"/>
  <testcase name="Convert DTO to BLM - Positive" classname="com.connection.scheme.converter.ConnectionSchemeConverterTest" time="0.002"/>
  <testcase name="Convert with empty used buffers" classname="com.connection.scheme.converter.ConnectionSchemeConverterTest" time="0.001"/>
  <testcase name="Convert with null used buffers" classname="com.connection.scheme.converter.ConnectionSchemeConverterTest" time="0.001"/>
  <testcase name="Round-trip conversion DALM -&gt; BLM -&gt; DALM" classname="com.connection.scheme.converter.ConnectionSchemeConverterTest" time="0.001"/>
  <testcase name="Round-trip conversion DTO -&gt; BLM -&gt; DTO" classname="com.connection.scheme.converter.ConnectionSchemeConverterTest" time="0.001"/>
  <system-out><![CDATA[]]></system-out>
  <system-err><![CDATA[]]></system-err>
</testsuite>
