<?xml version="1.0" encoding="UTF-8"?>
<testsuite name="Connection Scheme Validator Tests" tests="12" skipped="0" failures="0" errors="0" timestamp="2025-09-26T12:09:03.278Z" hostname="Yurik" time="0.083">
  <properties/>
  <testcase name="Validate ConnectionSchemeBLM with null fields - Negative" classname="com.connection.scheme.validator.ConnectionSchemeValidatorTest" time="0.004"/>
  <testcase name="Validate ConnectionSchemeDTO with empty JSON - Negative" classname="com.connection.scheme.validator.ConnectionSchemeValidatorTest" time="0.002"/>
  <testcase name="Validate ConnectionSchemeDTO with invalid JSON - Negative" classname="com.connection.scheme.validator.ConnectionSchemeValidatorTest" time="0.002"/>
  <testcase name="Validate ConnectionSchemeDTO with invalid UID - Negative" classname="com.connection.scheme.validator.ConnectionSchemeValidatorTest" time="0.003"/>
  <testcase name="Validate ConnectionSchemeDTO with null UID - Negative" classname="com.connection.scheme.validator.ConnectionSchemeValidatorTest" time="0.003"/>
  <testcase name="Validate ConnectionSchemeDTO with null client UID - Negative" classname="com.connection.scheme.validator.ConnectionSchemeValidatorTest" time="0.003"/>
  <testcase name="Validate ConnectionSchemeDTO with whitespace JSON - Negative" classname="com.connection.scheme.validator.ConnectionSchemeValidatorTest" time="0.003"/>
  <testcase name="Validate null ConnectionSchemeBLM - Negative" classname="com.connection.scheme.validator.ConnectionSchemeValidatorTest" time="0.003"/>
  <testcase name="Validate null ConnectionSchemeDTO - Negative" classname="com.connection.scheme.validator.ConnectionSchemeValidatorTest" time="0.002"/>
  <testcase name="Validate valid ConnectionSchemeBLM - Positive" classname="com.connection.scheme.validator.ConnectionSchemeValidatorTest" time="0.002"/>
  <testcase name="Validate valid ConnectionSchemeDALM - Positive" classname="com.connection.scheme.validator.ConnectionSchemeValidatorTest" time="0.002"/>
  <testcase name="Validate valid ConnectionSchemeDTO - Positive" classname="com.connection.scheme.validator.ConnectionSchemeValidatorTest" time="0.002"/>
  <system-out><![CDATA[]]></system-out>
  <system-err><![CDATA[]]></system-err>
</testsuite>
