<?xml version="1.0" encoding="UTF-8"?>
<testsuite name="Connection Scheme Repository Tests - SQL implementation tests" tests="11" skipped="0" failures="0" errors="0" timestamp="2025-09-26T12:08:58.614Z" hostname="Yurik" time="4.651">
  <properties/>
  <testcase name="Add existing scheme - Negative" classname="com.connection.scheme.repository.ConnectionSchemeRepositorySQLImplTest" time="4.449"/>
  <testcase name="Add scheme - Positive" classname="com.connection.scheme.repository.ConnectionSchemeRepositorySQLImplTest" time="0.027"/>
  <testcase name="Check scheme exists - Negative" classname="com.connection.scheme.repository.ConnectionSchemeRepositorySQLImplTest" time="0.006"/>
  <testcase name="Check scheme exists - Positive" classname="com.connection.scheme.repository.ConnectionSchemeRepositorySQLImplTest" time="0.006"/>
  <testcase name="Delete non-existent scheme - Negative" classname="com.connection.scheme.repository.ConnectionSchemeRepositorySQLImplTest" time="0.009"/>
  <testcase name="Delete scheme - Positive" classname="com.connection.scheme.repository.ConnectionSchemeRepositorySQLImplTest" time="0.007"/>
  <testcase name="Find non-existent scheme by UID - Negative" classname="com.connection.scheme.repository.ConnectionSchemeRepositorySQLImplTest" time="0.007"/>
  <testcase name="Find scheme by UID - Positive" classname="com.connection.scheme.repository.ConnectionSchemeRepositorySQLImplTest" time="0.005"/>
  <testcase name="Find schemes by client UID - Positive" classname="com.connection.scheme.repository.ConnectionSchemeRepositorySQLImplTest" time="0.064"/>
  <testcase name="Update non-existent scheme - Negative" classname="com.connection.scheme.repository.ConnectionSchemeRepositorySQLImplTest" time="0.007"/>
  <testcase name="Update scheme - Positive" classname="com.connection.scheme.repository.ConnectionSchemeRepositorySQLImplTest" time="0.006"/>
  <system-out><![CDATA[]]></system-out>
  <system-err><![CDATA[Mockito is currently self-attaching to enable the inline-mock-maker. This will no longer work in future releases of the JDK. Please add Mockito as an agent to your build as described in Mockito's documentation: https://javadoc.io/doc/org.mockito/mockito-core/latest/org.mockito/org/mockito/Mockito.html#0.3
WARNING: A Java agent has been loaded dynamically (/home/yurik/.gradle/caches/modules-2/files-2.1/net.bytebuddy/byte-buddy-agent/1.17.5/58f9507f5f28d1d3e7adfb4ec2fe37c29d332c9b/byte-buddy-agent-1.17.5.jar)
WARNING: If a serviceability tool is in use, please run with -XX:+EnableDynamicAgentLoading to hide this warning
WARNING: If a serviceability tool is not in use, please run with -Djdk.instrument.traceUsage for more information
WARNING: Dynamic loading of agents will be disallowed by default in a future release
]]></system-err>
</testsuite>
