<?xml version="1.0" encoding="UTF-8"?>
<testsuite name="Connection Scheme Converter Tests" tests="6" skipped="0" failures="0" errors="0" timestamp="2025-09-26T12:08:56.842Z" hostname="Yurik" time="1.22">
  <properties/>
  <testcase name="Convert BLM to DALM - Positive" classname="com.connection.scheme.converter.ConnectionSchemeConverterTest" time="0.876"/>
  <testcase name="Convert BLM to DTO - Positive" classname="com.connection.scheme.converter.ConnectionSchemeConverterTest" time="0.002"/>
  <testcase name="Convert DALM to BLM - Positive" classname="com.connection.scheme.converter.ConnectionSchemeConverterTest" time="0.004"/>
  <testcase name="Convert DTO to BLM - Positive" classname="com.connection.scheme.converter.ConnectionSchemeConverterTest" time="0.004"/>
  <testcase name="Round-trip conversion DALM -&gt; BLM -&gt; DALM" classname="com.connection.scheme.converter.ConnectionSchemeConverterTest" time="0.002"/>
  <testcase name="Round-trip conversion DTO -&gt; BLM -&gt; DTO" classname="com.connection.scheme.converter.ConnectionSchemeConverterTest" time="0.002"/>
  <system-out><![CDATA[]]></system-out>
  <system-err><![CDATA[]]></system-err>
</testsuite>
